[0807/122858.981:ERROR:process_memory_win.cc(73)] ReadMemory at 0x1d6fa1716a0 of 72 bytes failed: Only part of a ReadProcessMemory or WriteProcessMemory request was completed. (0x12B)
[0807/122902.696:WARNING:pe_image_annotations_reader.cc(134)] could not read annotations list object in C:\Program Files (x86)\Google\Chrome\Application\84.0.4147.105\chrome_elf.dll
[0807/122902.696:ERROR:process_memory_win.cc(73)] ReadMemory at 0x1d6fa1b1390 of 72 bytes failed: Only part of a ReadProcessMemory or WriteProcessMemory request was completed. (0x12B)
[0807/122902.697:WARNING:pe_image_annotations_reader.cc(134)] could not read annotations list object in C:\Program Files (x86)\Google\Chrome\Application\84.0.4147.105\chrome.dll
[0807/122921.540:ERROR:process_memory_win.cc(73)] ReadMemory at 0x7ff70a4b0000 of 64 bytes failed: Only part of a ReadProcessMemory or WriteProcessMemory request was completed. (0x12B)
[0807/122923.056:WARNING:pe_image_reader.cc(340)] could not read dos header from C:\Program Files (x86)\Google\Chrome\Application\chrome.exe
[0807/122923.056:ERROR:process_memory_win.cc(73)] ReadMemory at 0x7ffec73b0000 of 64 bytes failed: Only part of a ReadProcessMemory or WriteProcessMemory request was completed. (0x12B)
[0807/122923.056:WARNING:pe_image_reader.cc(340)] could not read dos header from C:\Windows\SYSTEM32\ntdll.dll
[0807/122923.056:ERROR:process_memory_win.cc(73)] ReadMemory at 0x7ffec4d30000 of 64 bytes failed: Only part of a ReadProcessMemory or WriteProcessMemory request was completed. (0x12B)
[0807/122923.056:WARNING:pe_image_reader.cc(340)] could not read dos header from C:\Windows\System32\KERNEL32.DLL
[0807/122923.056:ERROR:process_memory_win.cc(73)] ReadMemory at 0x7ffec41f0000 of 64 bytes failed: Only part of a ReadProcessMemory or WriteProcessMemory request was completed. (0x12B)
[0807/122923.056:WARNING:pe_image_reader.cc(340)] could not read dos header from C:\Windows\System32\KERNELBASE.dll
[0807/122923.056:ERROR:process_memory_win.cc(73)] ReadMemory at 0x7ffea3f80000 of 64 bytes failed: Only part of a ReadProcessMemory or WriteProcessMemory request was completed. (0x12B)
[0807/122923.056:WARNING:pe_image_reader.cc(340)] could not read dos header from C:\Program Files (x86)\Google\Chrome\Application\84.0.4147.105\chrome_elf.dll
[0807/122923.056:ERROR:process_memory_win.cc(73)] ReadMemory at 0x7ffeb5920000 of 64 bytes failed: Only part of a ReadProcessMemory or WriteProcessMemory request was completed. (0x12B)
[0807/122923.056:WARNING:pe_image_reader.cc(340)] could not read dos header from C:\Windows\SYSTEM32\VERSION.dll
[0807/122923.056:ERROR:process_memory_win.cc(73)] ReadMemory at 0x7ffec4930000 of 64 bytes failed: Only part of a ReadProcessMemory or WriteProcessMemory request was completed. (0x12B)
[0807/122923.056:WARNING:pe_image_reader.cc(340)] could not read dos header from C:\Windows\System32\msvcrt.dll
[0807/122923.056:ERROR:process_memory_win.cc(73)] ReadMemory at 0x7ffec4710000 of 64 bytes failed: Only part of a ReadProcessMemory or WriteProcessMemory request was completed. (0x12B)
[0807/122923.056:WARNING:pe_image_reader.cc(340)] could not read dos header from C:\Windows\System32\bcryptPrimitives.dll
[0807/122923.056:ERROR:process_memory_win.cc(73)] ReadMemory at 0x7ffec72a0000 of 64 bytes failed: Only part of a ReadProcessMemory or WriteProcessMemory request was completed. (0x12B)
[0807/122923.057:WARNING:pe_image_reader.cc(340)] could not read dos header from C:\Windows\System32\ADVAPI32.dll
[0807/122923.057:ERROR:process_memory_win.cc(73)] ReadMemory at 0x7ffec7350000 of 64 bytes failed: Only part of a ReadProcessMemory or WriteProcessMemory request was completed. (0x12B)
[0807/122923.057:WARNING:pe_image_reader.cc(340)] could not read dos header from C:\Windows\System32\sechost.dll
[0807/122923.057:ERROR:process_memory_win.cc(73)] ReadMemory at 0x7ffec4b00000 of 64 bytes failed: Only part of a ReadProcessMemory or WriteProcessMemory request was completed. (0x12B)
[0807/122923.057:WARNING:pe_image_reader.cc(340)] could not read dos header from C:\Windows\System32\RPCRT4.dll
[0807/122923.057:ERROR:process_memory_win.cc(73)] ReadMemory at 0x7ffe8de00000 of 64 bytes failed: Only part of a ReadProcessMemory or WriteProcessMemory request was completed. (0x12B)
[0807/122923.808:WARNING:pe_image_reader.cc(340)] could not read dos header from C:\Program Files (x86)\Google\Chrome\Application\84.0.4147.105\chrome.dll
[0807/122923.808:ERROR:process_memory_win.cc(73)] ReadMemory at 0x7ffec6bc0000 of 64 bytes failed: Only part of a ReadProcessMemory or WriteProcessMemory request was completed. (0x12B)
[0807/122923.809:WARNING:pe_image_reader.cc(340)] could not read dos header from C:\Windows\System32\WS2_32.dll
[0807/122923.809:ERROR:process_memory_win.cc(73)] ReadMemory at 0x7ffec4a10000 of 64 bytes failed: Only part of a ReadProcessMemory or WriteProcessMemory request was completed. (0x12B)
[0807/122923.809:WARNING:pe_image_reader.cc(340)] could not read dos header from C:\Windows\System32\OLEAUT32.dll
[0807/122923.809:ERROR:process_memory_win.cc(73)] ReadMemory at 0x7ffec4150000 of 64 bytes failed: Only part of a ReadProcessMemory or WriteProcessMemory request was completed. (0x12B)
[0807/122923.809:WARNING:pe_image_reader.cc(340)] could not read dos header from C:\Windows\System32\msvcp_win.dll
[0807/122923.809:ERROR:process_memory_win.cc(73)] ReadMemory at 0x7ffec4610000 of 64 bytes failed: Only part of a ReadProcessMemory or WriteProcessMemory request was completed. (0x12B)
[0807/122923.809:WARNING:pe_image_reader.cc(340)] could not read dos header from C:\Windows\System32\ucrtbase.dll
[0807/122923.809:ERROR:process_memory_win.cc(73)] ReadMemory at 0x7ffec6220000 of 64 bytes failed: Only part of a ReadProcessMemory or WriteProcessMemory request was completed. (0x12B)
[0807/122923.809:WARNING:pe_image_reader.cc(340)] could not read dos header from C:\Windows\System32\combase.dll
[0807/122923.809:ERROR:process_memory_win.cc(73)] ReadMemory at 0x7ffec38d0000 of 64 bytes failed: Only part of a ReadProcessMemory or WriteProcessMemory request was completed. (0x12B)
[0807/122923.809:WARNING:pe_image_reader.cc(340)] could not read dos header from C:\Windows\System32\WINTRUST.dll
[0807/122923.809:ERROR:process_memory_win.cc(73)] ReadMemory at 0x7ffec3820000 of 64 bytes failed: Only part of a ReadProcessMemory or WriteProcessMemory request was completed. (0x12B)
[0807/122923.809:WARNING:pe_image_reader.cc(340)] could not read dos header from C:\Windows\System32\MSASN1.dll
[0807/122923.809:ERROR:process_memory_win.cc(73)] ReadMemory at 0x7ffec4440000 of 64 bytes failed: Only part of a ReadProcessMemory or WriteProcessMemory request was completed. (0x12B)
[0807/122923.809:WARNING:pe_image_reader.cc(340)] could not read dos header from C:\Windows\System32\CRYPT32.dll
[0807/122923.809:ERROR:process_memory_win.cc(73)] ReadMemory at 0x7ffec2ed0000 of 64 bytes failed: Only part of a ReadProcessMemory or WriteProcessMemory request was completed. (0x12B)
[0807/122923.809:WARNING:pe_image_reader.cc(340)] could not read dos header from C:\Windows\SYSTEM32\IPHLPAPI.DLL
[0807/122923.809:ERROR:process_memory_win.cc(73)] ReadMemory at 0x7ffec1810000 of 64 bytes failed: Only part of a ReadProcessMemory or WriteProcessMemory request was completed. (0x12B)
[0807/122923.809:WARNING:pe_image_reader.cc(340)] could not read dos header from C:\Windows\SYSTEM32\WINMM.dll
[0807/122923.809:ERROR:process_memory_win.cc(73)] ReadMemory at 0x7ffeb2770000 of 64 bytes failed: Only part of a ReadProcessMemory or WriteProcessMemory request was completed. (0x12B)
[0807/122923.809:WARNING:pe_image_reader.cc(340)] could not read dos header from C:\Windows\SYSTEM32\Secur32.dll
[0807/122923.809:ERROR:process_memory_win.cc(73)] ReadMemory at 0x7ffec3720000 of 64 bytes failed: Only part of a ReadProcessMemory or WriteProcessMemory request was completed. (0x12B)
[0807/122923.809:WARNING:pe_image_reader.cc(340)] could not read dos header from C:\Windows\SYSTEM32\USERENV.dll
[0807/122923.809:ERROR:process_memory_win.cc(73)] ReadMemory at 0x7ffec3840000 of 64 bytes failed: Only part of a ReadProcessMemory or WriteProcessMemory request was completed. (0x12B)
[0807/122923.809:WARNING:pe_image_reader.cc(340)] could not read dos header from C:\Windows\System32\profapi.dll
[0807/122923.809:ERROR:process_memory_win.cc(73)] ReadMemory at 0x7ffeaa6f0000 of 64 bytes failed: Only part of a ReadProcessMemory or WriteProcessMemory request was completed. (0x12B)
[0807/122923.809:WARNING:pe_image_reader.cc(340)] could not read dos header from C:\Windows\SYSTEM32\UIAutomationCore.DLL
[0807/122923.809:ERROR:process_memory_win.cc(73)] ReadMemory at 0x7ffebb080000 of 64 bytes failed: Only part of a ReadProcessMemory or WriteProcessMemory request was completed. (0x12B)
[0807/122923.809:WARNING:pe_image_reader.cc(340)] could not read dos header from C:\Windows\SYSTEM32\DWrite.dll
[0807/122923.809:ERROR:process_memory_win.cc(73)] ReadMemory at 0x7ffeba580000 of 64 bytes failed: Only part of a ReadProcessMemory or WriteProcessMemory request was completed. (0x12B)
[0807/122923.810:WARNING:pe_image_reader.cc(340)] could not read dos header from C:\Windows\SYSTEM32\WINSPOOL.DRV
[0807/122923.810:ERROR:process_memory_win.cc(73)] ReadMemory at 0x7ffeb5200000 of 64 bytes failed: Only part of a ReadProcessMemory or WriteProcessMemory request was completed. (0x12B)
[0807/122923.810:WARNING:pe_image_reader.cc(340)] could not read dos header from C:\Windows\SYSTEM32\dbghelp.dll
[0807/122923.810:ERROR:process_memory_win.cc(73)] ReadMemory at 0x7ffeb6bb0000 of 64 bytes failed: Only part of a ReadProcessMemory or WriteProcessMemory request was completed. (0x12B)
[0807/122923.810:WARNING:pe_image_reader.cc(340)] could not read dos header from C:\Windows\SYSTEM32\WINHTTP.dll
[0807/122923.810:ERROR:process_memory_win.cc(73)] ReadMemory at 0x7ffeb7c20000 of 64 bytes failed: Only part of a ReadProcessMemory or WriteProcessMemory request was completed. (0x12B)
[0807/122923.810:WARNING:pe_image_reader.cc(340)] could not read dos header from C:\Windows\SYSTEM32\dhcpcsvc.DLL
[0807/122923.810:ERROR:process_memory_win.cc(73)] ReadMemory at 0x7ffec4a00000 of 64 bytes failed: Only part of a ReadProcessMemory or WriteProcessMemory request was completed. (0x12B)
[0807/122923.810:WARNING:pe_image_reader.cc(340)] could not read dos header from C:\Windows\System32\NSI.dll
[0807/122923.810:ERROR:process_memory_win.cc(73)] ReadMemory at 0x7ffec17e0000 of 64 bytes failed: Only part of a ReadProcessMemory or WriteProcessMemory request was completed. (0x12B)
[0807/122923.810:WARNING:pe_image_reader.cc(340)] could not read dos header from C:\Windows\SYSTEM32\WINMMBASE.dll
[0807/122923.810:ERROR:process_memory_win.cc(73)] ReadMemory at 0x7ffec3930000 of 64 bytes failed: Only part of a ReadProcessMemory or WriteProcessMemory request was completed. (0x12B)
[0807/122923.810:WARNING:pe_image_reader.cc(340)] could not read dos header from C:\Windows\System32\cfgmgr32.dll
[0807/122923.810:ERROR:process_memory_win.cc(73)] ReadMemory at 0x7ffec33e0000 of 64 bytes failed: Only part of a ReadProcessMemory or WriteProcessMemory request was completed. (0x12B)
[0807/122923.810:WARNING:pe_image_reader.cc(340)] could not read dos header from C:\Windows\SYSTEM32\bcrypt.dll
[0807/122923.810:ERROR:process_memory_win.cc(73)] ReadMemory at 0x7ffec3750000 of 64 bytes failed: Only part of a ReadProcessMemory or WriteProcessMemory request was completed. (0x12B)
[0807/122923.810:WARNING:pe_image_reader.cc(340)] could not read dos header from C:\Windows\SYSTEM32\SSPICLI.DLL
[0807/122923.810:ERROR:process_memory_win.cc(73)] ReadMemory at 0x7ffec32f0000 of 64 bytes failed: Only part of a ReadProcessMemory or WriteProcessMemory request was completed. (0x12B)
[0807/122923.810:WARNING:pe_image_reader.cc(340)] could not read dos header from C:\Windows\SYSTEM32\CRYPTBASE.DLL
[0807/122923.956:ERROR:process_memory_win.cc(73)] ReadMemory at 0x7ff70a4b0000 of 64 bytes failed: Only part of a ReadProcessMemory or WriteProcessMemory request was completed. (0x12B)
[0807/122923.956:WARNING:pe_image_reader.cc(340)] could not read dos header from C:\Program Files (x86)\Google\Chrome\Application\chrome.exe
[0807/122923.956:ERROR:process_memory_win.cc(73)] ReadMemory at 0x7ffec73b0000 of 64 bytes failed: Only part of a ReadProcessMemory or WriteProcessMemory request was completed. (0x12B)
[0807/122923.956:WARNING:pe_image_reader.cc(340)] could not read dos header from C:\Windows\SYSTEM32\ntdll.dll
[0807/122923.956:ERROR:process_memory_win.cc(73)] ReadMemory at 0x7ffec4d30000 of 64 bytes failed: Only part of a ReadProcessMemory or WriteProcessMemory request was completed. (0x12B)
[0807/122923.956:WARNING:pe_image_reader.cc(340)] could not read dos header from C:\Windows\System32\KERNEL32.DLL
[0807/122923.956:ERROR:process_memory_win.cc(73)] ReadMemory at 0x7ffec41f0000 of 64 bytes failed: Only part of a ReadProcessMemory or WriteProcessMemory request was completed. (0x12B)
[0807/122923.956:WARNING:pe_image_reader.cc(340)] could not read dos header from C:\Windows\System32\KERNELBASE.dll
[0807/122923.957:ERROR:process_memory_win.cc(73)] ReadMemory at 0x7ffea3f80000 of 64 bytes failed: Only part of a ReadProcessMemory or WriteProcessMemory request was completed. (0x12B)
[0807/122923.957:WARNING:pe_image_reader.cc(340)] could not read dos header from C:\Program Files (x86)\Google\Chrome\Application\84.0.4147.105\chrome_elf.dll
[0807/122923.957:ERROR:process_memory_win.cc(73)] ReadMemory at 0x7ffeb5920000 of 64 bytes failed: Only part of a ReadProcessMemory or WriteProcessMemory request was completed. (0x12B)
[0807/122923.957:WARNING:pe_image_reader.cc(340)] could not read dos header from C:\Windows\SYSTEM32\VERSION.dll
[0807/122923.957:ERROR:process_memory_win.cc(73)] ReadMemory at 0x7ffec4930000 of 64 bytes failed: Only part of a ReadProcessMemory or WriteProcessMemory request was completed. (0x12B)
[0807/122923.957:WARNING:pe_image_reader.cc(340)] could not read dos header from C:\Windows\System32\msvcrt.dll
[0807/122923.957:ERROR:process_memory_win.cc(73)] ReadMemory at 0x7ffec4710000 of 64 bytes failed: Only part of a ReadProcessMemory or WriteProcessMemory request was completed. (0x12B)
[0807/122923.957:WARNING:pe_image_reader.cc(340)] could not read dos header from C:\Windows\System32\bcryptPrimitives.dll
[0807/122923.957:ERROR:process_memory_win.cc(73)] ReadMemory at 0x7ffec72a0000 of 64 bytes failed: Only part of a ReadProcessMemory or WriteProcessMemory request was completed. (0x12B)
[0807/122923.957:WARNING:pe_image_reader.cc(340)] could not read dos header from C:\Windows\System32\ADVAPI32.dll
[0807/122923.957:ERROR:process_memory_win.cc(73)] ReadMemory at 0x7ffec7350000 of 64 bytes failed: Only part of a ReadProcessMemory or WriteProcessMemory request was completed. (0x12B)
[0807/122923.957:WARNING:pe_image_reader.cc(340)] could not read dos header from C:\Windows\System32\sechost.dll
[0807/122923.957:ERROR:process_memory_win.cc(73)] ReadMemory at 0x7ffec4b00000 of 64 bytes failed: Only part of a ReadProcessMemory or WriteProcessMemory request was completed. (0x12B)
[0807/122923.957:WARNING:pe_image_reader.cc(340)] could not read dos header from C:\Windows\System32\RPCRT4.dll
[0807/122923.957:ERROR:process_memory_win.cc(73)] ReadMemory at 0x7ffe8de00000 of 64 bytes failed: Only part of a ReadProcessMemory or WriteProcessMemory request was completed. (0x12B)
[0807/122923.957:WARNING:pe_image_reader.cc(340)] could not read dos header from C:\Program Files (x86)\Google\Chrome\Application\84.0.4147.105\chrome.dll
[0807/122923.957:ERROR:process_memory_win.cc(73)] ReadMemory at 0x7ffec6bc0000 of 64 bytes failed: Only part of a ReadProcessMemory or WriteProcessMemory request was completed. (0x12B)
[0807/122923.957:WARNING:pe_image_reader.cc(340)] could not read dos header from C:\Windows\System32\WS2_32.dll
[0807/122923.957:ERROR:process_memory_win.cc(73)] ReadMemory at 0x7ffec4a10000 of 64 bytes failed: Only part of a ReadProcessMemory or WriteProcessMemory request was completed. (0x12B)
[0807/122923.957:WARNING:pe_image_reader.cc(340)] could not read dos header from C:\Windows\System32\OLEAUT32.dll
[0807/122923.957:ERROR:process_memory_win.cc(73)] ReadMemory at 0x7ffec4150000 of 64 bytes failed: Only part of a ReadProcessMemory or WriteProcessMemory request was completed. (0x12B)
[0807/122923.957:WARNING:pe_image_reader.cc(340)] could not read dos header from C:\Windows\System32\msvcp_win.dll
[0807/122923.957:ERROR:process_memory_win.cc(73)] ReadMemory at 0x7ffec4610000 of 64 bytes failed: Only part of a ReadProcessMemory or WriteProcessMemory request was completed. (0x12B)
[0807/122923.957:WARNING:pe_image_reader.cc(340)] could not read dos header from C:\Windows\System32\ucrtbase.dll
[0807/122923.957:ERROR:process_memory_win.cc(73)] ReadMemory at 0x7ffec6220000 of 64 bytes failed: Only part of a ReadProcessMemory or WriteProcessMemory request was completed. (0x12B)
[0807/122923.957:WARNING:pe_image_reader.cc(340)] could not read dos header from C:\Windows\System32\combase.dll
[0807/122923.957:ERROR:process_memory_win.cc(73)] ReadMemory at 0x7ffec38d0000 of 64 bytes failed: Only part of a ReadProcessMemory or WriteProcessMemory request was completed. (0x12B)
[0807/122923.957:WARNING:pe_image_reader.cc(340)] could not read dos header from C:\Windows\System32\WINTRUST.dll
[0807/122923.957:ERROR:process_memory_win.cc(73)] ReadMemory at 0x7ffec3820000 of 64 bytes failed: Only part of a ReadProcessMemory or WriteProcessMemory request was completed. (0x12B)
[0807/122923.958:WARNING:pe_image_reader.cc(340)] could not read dos header from C:\Windows\System32\MSASN1.dll
[0807/122923.958:ERROR:process_memory_win.cc(73)] ReadMemory at 0x7ffec4440000 of 64 bytes failed: Only part of a ReadProcessMemory or WriteProcessMemory request was completed. (0x12B)
[0807/122923.958:WARNING:pe_image_reader.cc(340)] could not read dos header from C:\Windows\System32\CRYPT32.dll
[0807/122923.958:ERROR:process_memory_win.cc(73)] ReadMemory at 0x7ffec2ed0000 of 64 bytes failed: Only part of a ReadProcessMemory or WriteProcessMemory request was completed. (0x12B)
[0807/122923.958:WARNING:pe_image_reader.cc(340)] could not read dos header from C:\Windows\SYSTEM32\IPHLPAPI.DLL
[0807/122923.958:ERROR:process_memory_win.cc(73)] ReadMemory at 0x7ffec1810000 of 64 bytes failed: Only part of a ReadProcessMemory or WriteProcessMemory request was completed. (0x12B)
[0807/122923.958:WARNING:pe_image_reader.cc(340)] could not read dos header from C:\Windows\SYSTEM32\WINMM.dll
[0807/122923.958:ERROR:process_memory_win.cc(73)] ReadMemory at 0x7ffeb2770000 of 64 bytes failed: Only part of a ReadProcessMemory or WriteProcessMemory request was completed. (0x12B)
[0807/122923.958:WARNING:pe_image_reader.cc(340)] could not read dos header from C:\Windows\SYSTEM32\Secur32.dll
[0807/122923.958:ERROR:process_memory_win.cc(73)] ReadMemory at 0x7ffec3720000 of 64 bytes failed: Only part of a ReadProcessMemory or WriteProcessMemory request was completed. (0x12B)
[0807/122923.958:WARNING:pe_image_reader.cc(340)] could not read dos header from C:\Windows\SYSTEM32\USERENV.dll
[0807/122923.958:ERROR:process_memory_win.cc(73)] ReadMemory at 0x7ffec3840000 of 64 bytes failed: Only part of a ReadProcessMemory or WriteProcessMemory request was completed. (0x12B)
[0807/122923.958:WARNING:pe_image_reader.cc(340)] could not read dos header from C:\Windows\System32\profapi.dll
[0807/122923.958:ERROR:process_memory_win.cc(73)] ReadMemory at 0x7ffeaa6f0000 of 64 bytes failed: Only part of a ReadProcessMemory or WriteProcessMemory request was completed. (0x12B)
[0807/122923.958:WARNING:pe_image_reader.cc(340)] could not read dos header from C:\Windows\SYSTEM32\UIAutomationCore.DLL
[0807/122923.958:ERROR:process_memory_win.cc(73)] ReadMemory at 0x7ffebb080000 of 64 bytes failed: Only part of a ReadProcessMemory or WriteProcessMemory request was completed. (0x12B)
[0807/122923.958:WARNING:pe_image_reader.cc(340)] could not read dos header from C:\Windows\SYSTEM32\DWrite.dll
[0807/122923.958:ERROR:process_memory_win.cc(73)] ReadMemory at 0x7ffeba580000 of 64 bytes failed: Only part of a ReadProcessMemory or WriteProcessMemory request was completed. (0x12B)
[0807/122923.958:WARNING:pe_image_reader.cc(340)] could not read dos header from C:\Windows\SYSTEM32\WINSPOOL.DRV
[0807/122923.958:ERROR:process_memory_win.cc(73)] ReadMemory at 0x7ffeb5200000 of 64 bytes failed: Only part of a ReadProcessMemory or WriteProcessMemory request was completed. (0x12B)
[0807/122923.958:WARNING:pe_image_reader.cc(340)] could not read dos header from C:\Windows\SYSTEM32\dbghelp.dll
[0807/122923.958:ERROR:process_memory_win.cc(73)] ReadMemory at 0x7ffeb6bb0000 of 64 bytes failed: Only part of a ReadProcessMemory or WriteProcessMemory request was completed. (0x12B)
[0807/122923.958:WARNING:pe_image_reader.cc(340)] could not read dos header from C:\Windows\SYSTEM32\WINHTTP.dll
[0807/122923.958:ERROR:process_memory_win.cc(73)] ReadMemory at 0x7ffeb7c20000 of 64 bytes failed: Only part of a ReadProcessMemory or WriteProcessMemory request was completed. (0x12B)
[0807/122923.958:WARNING:pe_image_reader.cc(340)] could not read dos header from C:\Windows\SYSTEM32\dhcpcsvc.DLL
[0807/122923.958:ERROR:process_memory_win.cc(73)] ReadMemory at 0x7ffec4a00000 of 64 bytes failed: Only part of a ReadProcessMemory or WriteProcessMemory request was completed. (0x12B)
[0807/122923.958:WARNING:pe_image_reader.cc(340)] could not read dos header from C:\Windows\System32\NSI.dll
[0807/122923.958:ERROR:process_memory_win.cc(73)] ReadMemory at 0x7ffec17e0000 of 64 bytes failed: Only part of a ReadProcessMemory or WriteProcessMemory request was completed. (0x12B)
[0807/122923.958:WARNING:pe_image_reader.cc(340)] could not read dos header from C:\Windows\SYSTEM32\WINMMBASE.dll
[0807/122923.958:ERROR:process_memory_win.cc(73)] ReadMemory at 0x7ffec3930000 of 64 bytes failed: Only part of a ReadProcessMemory or WriteProcessMemory request was completed. (0x12B)
[0807/122923.958:WARNING:pe_image_reader.cc(340)] could not read dos header from C:\Windows\System32\cfgmgr32.dll
[0807/122923.958:ERROR:process_memory_win.cc(73)] ReadMemory at 0x7ffec33e0000 of 64 bytes failed: Only part of a ReadProcessMemory or WriteProcessMemory request was completed. (0x12B)
[0807/122923.959:WARNING:pe_image_reader.cc(340)] could not read dos header from C:\Windows\SYSTEM32\bcrypt.dll
[0807/122923.959:ERROR:process_memory_win.cc(73)] ReadMemory at 0x7ffec3750000 of 64 bytes failed: Only part of a ReadProcessMemory or WriteProcessMemory request was completed. (0x12B)
[0807/122923.959:WARNING:pe_image_reader.cc(340)] could not read dos header from C:\Windows\SYSTEM32\SSPICLI.DLL
[0807/122923.959:ERROR:process_memory_win.cc(73)] ReadMemory at 0x7ffec32f0000 of 64 bytes failed: Only part of a ReadProcessMemory or WriteProcessMemory request was completed. (0x12B)
[0807/122923.959:WARNING:pe_image_reader.cc(340)] could not read dos header from C:\Windows\SYSTEM32\CRYPTBASE.DLL
[0807/122923.959:ERROR:process_memory_win.cc(73)] ReadMemory at 0x7ff70a4b0000 of 64 bytes failed: Only part of a ReadProcessMemory or WriteProcessMemory request was completed. (0x12B)
[0807/122923.959:WARNING:pe_image_reader.cc(340)] could not read dos header from C:\Program Files (x86)\Google\Chrome\Application\chrome.exe
[0807/122923.959:ERROR:process_memory_win.cc(73)] ReadMemory at 0x7ffec73b0000 of 64 bytes failed: Only part of a ReadProcessMemory or WriteProcessMemory request was completed. (0x12B)
[0807/122923.959:WARNING:pe_image_reader.cc(340)] could not read dos header from C:\Windows\SYSTEM32\ntdll.dll
[0807/122923.959:ERROR:process_memory_win.cc(73)] ReadMemory at 0x7ffec4d30000 of 64 bytes failed: Only part of a ReadProcessMemory or WriteProcessMemory request was completed. (0x12B)
[0807/122923.959:WARNING:pe_image_reader.cc(340)] could not read dos header from C:\Windows\System32\KERNEL32.DLL
[0807/122923.959:ERROR:process_memory_win.cc(73)] ReadMemory at 0x7ffec41f0000 of 64 bytes failed: Only part of a ReadProcessMemory or WriteProcessMemory request was completed. (0x12B)
[0807/122923.959:WARNING:pe_image_reader.cc(340)] could not read dos header from C:\Windows\System32\KERNELBASE.dll
[0807/122923.959:ERROR:process_memory_win.cc(73)] ReadMemory at 0x7ffea3f80000 of 64 bytes failed: Only part of a ReadProcessMemory or WriteProcessMemory request was completed. (0x12B)
[0807/122923.959:WARNING:pe_image_reader.cc(340)] could not read dos header from C:\Program Files (x86)\Google\Chrome\Application\84.0.4147.105\chrome_elf.dll
[0807/122923.959:ERROR:process_memory_win.cc(73)] ReadMemory at 0x7ffeb5920000 of 64 bytes failed: Only part of a ReadProcessMemory or WriteProcessMemory request was completed. (0x12B)
[0807/122923.959:WARNING:pe_image_reader.cc(340)] could not read dos header from C:\Windows\SYSTEM32\VERSION.dll
[0807/122923.959:ERROR:process_memory_win.cc(73)] ReadMemory at 0x7ffec4930000 of 64 bytes failed: Only part of a ReadProcessMemory or WriteProcessMemory request was completed. (0x12B)
[0807/122923.959:WARNING:pe_image_reader.cc(340)] could not read dos header from C:\Windows\System32\msvcrt.dll
[0807/122923.959:ERROR:process_memory_win.cc(73)] ReadMemory at 0x7ffec4710000 of 64 bytes failed: Only part of a ReadProcessMemory or WriteProcessMemory request was completed. (0x12B)
[0807/122923.959:WARNING:pe_image_reader.cc(340)] could not read dos header from C:\Windows\System32\bcryptPrimitives.dll
[0807/122923.959:ERROR:process_memory_win.cc(73)] ReadMemory at 0x7ffec72a0000 of 64 bytes failed: Only part of a ReadProcessMemory or WriteProcessMemory request was completed. (0x12B)
[0807/122923.959:WARNING:pe_image_reader.cc(340)] could not read dos header from C:\Windows\System32\ADVAPI32.dll
[0807/122923.959:ERROR:process_memory_win.cc(73)] ReadMemory at 0x7ffec7350000 of 64 bytes failed: Only part of a ReadProcessMemory or WriteProcessMemory request was completed. (0x12B)
[0807/122923.959:WARNING:pe_image_reader.cc(340)] could not read dos header from C:\Windows\System32\sechost.dll
[0807/122923.959:ERROR:process_memory_win.cc(73)] ReadMemory at 0x7ffec4b00000 of 64 bytes failed: Only part of a ReadProcessMemory or WriteProcessMemory request was completed. (0x12B)
[0807/122923.959:WARNING:pe_image_reader.cc(340)] could not read dos header from C:\Windows\System32\RPCRT4.dll
[0807/122923.959:ERROR:process_memory_win.cc(73)] ReadMemory at 0x7ffe8de00000 of 64 bytes failed: Only part of a ReadProcessMemory or WriteProcessMemory request was completed. (0x12B)
[0807/122923.959:WARNING:pe_image_reader.cc(340)] could not read dos header from C:\Program Files (x86)\Google\Chrome\Application\84.0.4147.105\chrome.dll
[0807/122923.959:ERROR:process_memory_win.cc(73)] ReadMemory at 0x7ffec6bc0000 of 64 bytes failed: Only part of a ReadProcessMemory or WriteProcessMemory request was completed. (0x12B)
[0807/122923.959:WARNING:pe_image_reader.cc(340)] could not read dos header from C:\Windows\System32\WS2_32.dll
[0807/122923.959:ERROR:process_memory_win.cc(73)] ReadMemory at 0x7ffec4a10000 of 64 bytes failed: Only part of a ReadProcessMemory or WriteProcessMemory request was completed. (0x12B)
[0807/122923.960:WARNING:pe_image_reader.cc(340)] could not read dos header from C:\Windows\System32\OLEAUT32.dll
[0807/122923.960:ERROR:process_memory_win.cc(73)] ReadMemory at 0x7ffec4150000 of 64 bytes failed: Only part of a ReadProcessMemory or WriteProcessMemory request was completed. (0x12B)
[0807/122923.960:WARNING:pe_image_reader.cc(340)] could not read dos header from C:\Windows\System32\msvcp_win.dll
[0807/122923.960:ERROR:process_memory_win.cc(73)] ReadMemory at 0x7ffec4610000 of 64 bytes failed: Only part of a ReadProcessMemory or WriteProcessMemory request was completed. (0x12B)
[0807/122923.960:WARNING:pe_image_reader.cc(340)] could not read dos header from C:\Windows\System32\ucrtbase.dll
[0807/122923.960:ERROR:process_memory_win.cc(73)] ReadMemory at 0x7ffec6220000 of 64 bytes failed: Only part of a ReadProcessMemory or WriteProcessMemory request was completed. (0x12B)
[0807/122923.960:WARNING:pe_image_reader.cc(340)] could not read dos header from C:\Windows\System32\combase.dll
[0807/122923.960:ERROR:process_memory_win.cc(73)] ReadMemory at 0x7ffec38d0000 of 64 bytes failed: Only part of a ReadProcessMemory or WriteProcessMemory request was completed. (0x12B)
[0807/122923.960:WARNING:pe_image_reader.cc(340)] could not read dos header from C:\Windows\System32\WINTRUST.dll
[0807/122923.960:ERROR:process_memory_win.cc(73)] ReadMemory at 0x7ffec3820000 of 64 bytes failed: Only part of a ReadProcessMemory or WriteProcessMemory request was completed. (0x12B)
[0807/122923.960:WARNING:pe_image_reader.cc(340)] could not read dos header from C:\Windows\System32\MSASN1.dll
[0807/122923.960:ERROR:process_memory_win.cc(73)] ReadMemory at 0x7ffec4440000 of 64 bytes failed: Only part of a ReadProcessMemory or WriteProcessMemory request was completed. (0x12B)
[0807/122923.960:WARNING:pe_image_reader.cc(340)] could not read dos header from C:\Windows\System32\CRYPT32.dll
[0807/122923.960:ERROR:process_memory_win.cc(73)] ReadMemory at 0x7ffec2ed0000 of 64 bytes failed: Only part of a ReadProcessMemory or WriteProcessMemory request was completed. (0x12B)
[0807/122923.960:WARNING:pe_image_reader.cc(340)] could not read dos header from C:\Windows\SYSTEM32\IPHLPAPI.DLL
[0807/122923.960:ERROR:process_memory_win.cc(73)] ReadMemory at 0x7ffec1810000 of 64 bytes failed: Only part of a ReadProcessMemory or WriteProcessMemory request was completed. (0x12B)
[0807/122923.960:WARNING:pe_image_reader.cc(340)] could not read dos header from C:\Windows\SYSTEM32\WINMM.dll
[0807/122923.960:ERROR:process_memory_win.cc(73)] ReadMemory at 0x7ffeb2770000 of 64 bytes failed: Only part of a ReadProcessMemory or WriteProcessMemory request was completed. (0x12B)
[0807/122923.960:WARNING:pe_image_reader.cc(340)] could not read dos header from C:\Windows\SYSTEM32\Secur32.dll
[0807/122923.960:ERROR:process_memory_win.cc(73)] ReadMemory at 0x7ffec3720000 of 64 bytes failed: Only part of a ReadProcessMemory or WriteProcessMemory request was completed. (0x12B)
[0807/122923.960:WARNING:pe_image_reader.cc(340)] could not read dos header from C:\Windows\SYSTEM32\USERENV.dll
[0807/122923.960:ERROR:process_memory_win.cc(73)] ReadMemory at 0x7ffec3840000 of 64 bytes failed: Only part of a ReadProcessMemory or WriteProcessMemory request was completed. (0x12B)
[0807/122923.960:WARNING:pe_image_reader.cc(340)] could not read dos header from C:\Windows\System32\profapi.dll
[0807/122923.960:ERROR:process_memory_win.cc(73)] ReadMemory at 0x7ffeaa6f0000 of 64 bytes failed: Only part of a ReadProcessMemory or WriteProcessMemory request was completed. (0x12B)
[0807/122923.960:WARNING:pe_image_reader.cc(340)] could not read dos header from C:\Windows\SYSTEM32\UIAutomationCore.DLL
[0807/122923.960:ERROR:process_memory_win.cc(73)] ReadMemory at 0x7ffebb080000 of 64 bytes failed: Only part of a ReadProcessMemory or WriteProcessMemory request was completed. (0x12B)
[0807/122923.960:WARNING:pe_image_reader.cc(340)] could not read dos header from C:\Windows\SYSTEM32\DWrite.dll
[0807/122923.960:ERROR:process_memory_win.cc(73)] ReadMemory at 0x7ffeba580000 of 64 bytes failed: Only part of a ReadProcessMemory or WriteProcessMemory request was completed. (0x12B)
[0807/122923.960:WARNING:pe_image_reader.cc(340)] could not read dos header from C:\Windows\SYSTEM32\WINSPOOL.DRV
[0807/122923.961:ERROR:process_memory_win.cc(73)] ReadMemory at 0x7ffeb5200000 of 64 bytes failed: Only part of a ReadProcessMemory or WriteProcessMemory request was completed. (0x12B)
[0807/122923.961:WARNING:pe_image_reader.cc(340)] could not read dos header from C:\Windows\SYSTEM32\dbghelp.dll
[0807/122923.961:ERROR:process_memory_win.cc(73)] ReadMemory at 0x7ffeb6bb0000 of 64 bytes failed: Only part of a ReadProcessMemory or WriteProcessMemory request was completed. (0x12B)
[0807/122923.961:WARNING:pe_image_reader.cc(340)] could not read dos header from C:\Windows\SYSTEM32\WINHTTP.dll
[0807/122923.961:ERROR:process_memory_win.cc(73)] ReadMemory at 0x7ffeb7c20000 of 64 bytes failed: Only part of a ReadProcessMemory or WriteProcessMemory request was completed. (0x12B)
[0807/122923.961:WARNING:pe_image_reader.cc(340)] could not read dos header from C:\Windows\SYSTEM32\dhcpcsvc.DLL
[0807/122923.961:ERROR:process_memory_win.cc(73)] ReadMemory at 0x7ffec4a00000 of 64 bytes failed: Only part of a ReadProcessMemory or WriteProcessMemory request was completed. (0x12B)
[0807/122923.961:WARNING:pe_image_reader.cc(340)] could not read dos header from C:\Windows\System32\NSI.dll
[0807/122923.961:ERROR:process_memory_win.cc(73)] ReadMemory at 0x7ffec17e0000 of 64 bytes failed: Only part of a ReadProcessMemory or WriteProcessMemory request was completed. (0x12B)
[0807/122923.961:WARNING:pe_image_reader.cc(340)] could not read dos header from C:\Windows\SYSTEM32\WINMMBASE.dll
[0807/122923.961:ERROR:process_memory_win.cc(73)] ReadMemory at 0x7ffec3930000 of 64 bytes failed: Only part of a ReadProcessMemory or WriteProcessMemory request was completed. (0x12B)
[0807/122923.961:WARNING:pe_image_reader.cc(340)] could not read dos header from C:\Windows\System32\cfgmgr32.dll
[0807/122923.961:ERROR:process_memory_win.cc(73)] ReadMemory at 0x7ffec33e0000 of 64 bytes failed: Only part of a ReadProcessMemory or WriteProcessMemory request was completed. (0x12B)
[0807/122923.961:WARNING:pe_image_reader.cc(340)] could not read dos header from C:\Windows\SYSTEM32\bcrypt.dll
[0807/122923.961:ERROR:process_memory_win.cc(73)] ReadMemory at 0x7ffec3750000 of 64 bytes failed: Only part of a ReadProcessMemory or WriteProcessMemory request was completed. (0x12B)
[0807/122923.961:WARNING:pe_image_reader.cc(340)] could not read dos header from C:\Windows\SYSTEM32\SSPICLI.DLL
[0807/122923.961:ERROR:process_memory_win.cc(73)] ReadMemory at 0x7ffec32f0000 of 64 bytes failed: Only part of a ReadProcessMemory or WriteProcessMemory request was completed. (0x12B)
[0807/122923.961:WARNING:pe_image_reader.cc(340)] could not read dos header from C:\Windows\SYSTEM32\CRYPTBASE.DLL
[0807/122924.467:ERROR:process_memory_win.cc(73)] ReadMemory at 0x48c23da000 of 155648 bytes failed: Only part of a ReadProcessMemory or WriteProcessMemory request was completed. (0x12B)
[0807/122924.470:ERROR:process_memory_win.cc(73)] ReadMemory at 0x48c2bfd000 of 12288 bytes failed: Only part of a ReadProcessMemory or WriteProcessMemory request was completed. (0x12B)
[0807/122924.470:ERROR:process_memory_win.cc(73)] ReadMemory at 0x48c3bfc000 of 16384 bytes failed: Only part of a ReadProcessMemory or WriteProcessMemory request was completed. (0x12B)
[0807/122924.470:ERROR:process_memory_win.cc(73)] ReadMemory at 0x48c43fb000 of 20480 bytes failed: Only part of a ReadProcessMemory or WriteProcessMemory request was completed. (0x12B)
[0807/122924.470:ERROR:process_memory_win.cc(73)] ReadMemory at 0x48c4bfe000 of 8192 bytes failed: Only part of a ReadProcessMemory or WriteProcessMemory request was completed. (0x12B)
[0807/122924.470:ERROR:process_memory_win.cc(73)] ReadMemory at 0x48c53fc000 of 16384 bytes failed: Only part of a ReadProcessMemory or WriteProcessMemory request was completed. (0x12B)
[0807/122924.470:ERROR:process_memory_win.cc(73)] ReadMemory at 0x48c5bfb000 of 20480 bytes failed: Only part of a ReadProcessMemory or WriteProcessMemory request was completed. (0x12B)
[0807/122924.470:ERROR:process_memory_win.cc(73)] ReadMemory at 0x48c63fc000 of 16384 bytes failed: Only part of a ReadProcessMemory or WriteProcessMemory request was completed. (0x12B)
[0807/122924.470:ERROR:process_memory_win.cc(73)] ReadMemory at 0x48c6bf8000 of 32768 bytes failed: Only part of a ReadProcessMemory or WriteProcessMemory request was completed. (0x12B)
[0807/122924.470:ERROR:process_memory_win.cc(73)] ReadMemory at 0x48c73fc000 of 16384 bytes failed: Only part of a ReadProcessMemory or WriteProcessMemory request was completed. (0x12B)
[0807/122924.471:ERROR:process_memory_win.cc(73)] ReadMemory at 0x48cabfd000 of 12288 bytes failed: Only part of a ReadProcessMemory or WriteProcessMemory request was completed. (0x12B)
[0807/122924.471:ERROR:process_memory_win.cc(73)] ReadMemory at 0x48cb3fd000 of 12288 bytes failed: Only part of a ReadProcessMemory or WriteProcessMemory request was completed. (0x12B)
[0807/122924.471:ERROR:process_memory_win.cc(73)] ReadMemory at 0x48cc3fb000 of 20480 bytes failed: Only part of a ReadProcessMemory or WriteProcessMemory request was completed. (0x12B)
[0807/122924.471:ERROR:process_memory_win.cc(73)] ReadMemory at 0x48837fb000 of 20480 bytes failed: Only part of a ReadProcessMemory or WriteProcessMemory request was completed. (0x12B)
[0807/122924.471:ERROR:process_memory_win.cc(73)] ReadMemory at 0x4901bfb000 of 20480 bytes failed: Only part of a ReadProcessMemory or WriteProcessMemory request was completed. (0x12B)
[0807/122924.471:ERROR:process_memory_win.cc(73)] ReadMemory at 0x4a523fb000 of 20480 bytes failed: Only part of a ReadProcessMemory or WriteProcessMemory request was completed. (0x12B)
[0807/122924.471:ERROR:process_memory_win.cc(73)] ReadMemory at 0x4a66bf9000 of 28672 bytes failed: Only part of a ReadProcessMemory or WriteProcessMemory request was completed. (0x12B)
[0807/122924.471:ERROR:process_memory_win.cc(73)] ReadMemory at 0x4a723fc000 of 16384 bytes failed: Only part of a ReadProcessMemory or WriteProcessMemory request was completed. (0x12B)
[0807/122924.471:ERROR:process_memory_win.cc(73)] ReadMemory at 0x4a72bfd000 of 12288 bytes failed: Only part of a ReadProcessMemory or WriteProcessMemory request was completed. (0x12B)
[0807/122924.471:ERROR:process_memory_win.cc(73)] ReadMemory at 0x4a733ff000 of 4096 bytes failed: Only part of a ReadProcessMemory or WriteProcessMemory request was completed. (0x12B)
[0807/122924.472:ERROR:process_memory_win.cc(73)] ReadMemory at 0x48c1a06000 of 6024 bytes failed: Only part of a ReadProcessMemory or WriteProcessMemory request was completed. (0x12B)
[0807/122924.472:ERROR:process_memory_win.cc(73)] ReadMemory at 0x48c1a0a000 of 852 bytes failed: Only part of a ReadProcessMemory or WriteProcessMemory request was completed. (0x12B)
[0807/122924.472:ERROR:process_memory_win.cc(73)] ReadMemory at 0x48c1a0b000 of 6024 bytes failed: Only part of a ReadProcessMemory or WriteProcessMemory request was completed. (0x12B)
[0807/122926.428:ERROR:process_memory_win.cc(73)] ReadMemory at 0x48c1a0d000 of 6024 bytes failed: Only part of a ReadProcessMemory or WriteProcessMemory request was completed. (0x12B)
[0807/122926.428:ERROR:process_memory_win.cc(73)] ReadMemory at 0x48c1a11000 of 6024 bytes failed: Only part of a ReadProcessMemory or WriteProcessMemory request was completed. (0x12B)
[0807/122926.428:ERROR:process_memory_win.cc(73)] ReadMemory at 0x48c1a13000 of 6024 bytes failed: Only part of a ReadProcessMemory or WriteProcessMemory request was completed. (0x12B)
[0807/122926.428:ERROR:process_memory_win.cc(73)] ReadMemory at 0x48c1a15000 of 6024 bytes failed: Only part of a ReadProcessMemory or WriteProcessMemory request was completed. (0x12B)
[0807/122926.428:ERROR:process_memory_win.cc(73)] ReadMemory at 0x48c1a17000 of 6024 bytes failed: Only part of a ReadProcessMemory or WriteProcessMemory request was completed. (0x12B)
[0807/122926.428:ERROR:process_memory_win.cc(73)] ReadMemory at 0x48c1a19000 of 6024 bytes failed: Only part of a ReadProcessMemory or WriteProcessMemory request was completed. (0x12B)
[0807/122926.429:ERROR:process_memory_win.cc(73)] ReadMemory at 0x48c1a1b000 of 6024 bytes failed: Only part of a ReadProcessMemory or WriteProcessMemory request was completed. (0x12B)
[0807/122926.429:ERROR:process_memory_win.cc(73)] ReadMemory at 0x48c1a1d000 of 6024 bytes failed: Only part of a ReadProcessMemory or WriteProcessMemory request was completed. (0x12B)
[0807/122926.429:ERROR:process_memory_win.cc(73)] ReadMemory at 0x48c1a1f000 of 6024 bytes failed: Only part of a ReadProcessMemory or WriteProcessMemory request was completed. (0x12B)
[0807/122926.429:ERROR:process_memory_win.cc(73)] ReadMemory at 0x48c1a25000 of 6024 bytes failed: Only part of a ReadProcessMemory or WriteProcessMemory request was completed. (0x12B)
[0807/122926.429:ERROR:process_memory_win.cc(73)] ReadMemory at 0x48c1a2d000 of 6024 bytes failed: Only part of a ReadProcessMemory or WriteProcessMemory request was completed. (0x12B)
[0807/122926.429:ERROR:process_memory_win.cc(73)] ReadMemory at 0x48c1a2f000 of 6024 bytes failed: Only part of a ReadProcessMemory or WriteProcessMemory request was completed. (0x12B)
[0807/122926.429:ERROR:process_memory_win.cc(73)] ReadMemory at 0x48c1a33000 of 6024 bytes failed: Only part of a ReadProcessMemory or WriteProcessMemory request was completed. (0x12B)
[0807/122926.429:ERROR:process_memory_win.cc(73)] ReadMemory at 0x48c1a51000 of 6024 bytes failed: Only part of a ReadProcessMemory or WriteProcessMemory request was completed. (0x12B)
[0807/122926.429:ERROR:process_memory_win.cc(73)] ReadMemory at 0x48c1a53000 of 6024 bytes failed: Only part of a ReadProcessMemory or WriteProcessMemory request was completed. (0x12B)
[0807/122926.429:ERROR:process_memory_win.cc(73)] ReadMemory at 0x48c1a55000 of 6024 bytes failed: Only part of a ReadProcessMemory or WriteProcessMemory request was completed. (0x12B)
[0807/122926.429:ERROR:process_memory_win.cc(73)] ReadMemory at 0x48c1b0f000 of 6024 bytes failed: Only part of a ReadProcessMemory or WriteProcessMemory request was completed. (0x12B)
[0807/122926.429:ERROR:process_memory_win.cc(73)] ReadMemory at 0x48c1bb3000 of 6024 bytes failed: Only part of a ReadProcessMemory or WriteProcessMemory request was completed. (0x12B)
[0807/122926.429:ERROR:process_memory_win.cc(73)] ReadMemory at 0x1d681820000 of 384 bytes failed: Only part of a ReadProcessMemory or WriteProcessMemory request was completed. (0x12B)
[0807/122926.430:ERROR:process_memory_win.cc(73)] ReadMemory at 0x1d6818d7dc0 of 512 bytes failed: Only part of a ReadProcessMemory or WriteProcessMemory request was completed. (0x12B)
[0807/122926.430:ERROR:process_memory_win.cc(73)] ReadMemory at 0x1d6818eba00 of 512 bytes failed: Only part of a ReadProcessMemory or WriteProcessMemory request was completed. (0x12B)
[0807/122926.430:ERROR:process_memory_win.cc(73)] ReadMemory at 0x1d68190ef60 of 512 bytes failed: Only part of a ReadProcessMemory or WriteProcessMemory request was completed. (0x12B)
[0807/122926.430:ERROR:process_memory_win.cc(73)] ReadMemory at 0x1d682916a80 of 512 bytes failed: Only part of a ReadProcessMemory or WriteProcessMemory request was completed. (0x12B)
[0807/122926.430:ERROR:process_memory_win.cc(73)] ReadMemory at 0x1d682c29930 of 512 bytes failed: Only part of a ReadProcessMemory or WriteProcessMemory request was completed. (0x12B)
[0807/122926.430:ERROR:process_memory_win.cc(73)] ReadMemory at 0x1d683de5940 of 512 bytes failed: Only part of a ReadProcessMemory or WriteProcessMemory request was completed. (0x12B)
[0807/122926.430:ERROR:process_memory_win.cc(73)] ReadMemory at 0x1d683e73fb0 of 512 bytes failed: Only part of a ReadProcessMemory or WriteProcessMemory request was completed. (0x12B)
[0807/122926.430:ERROR:process_memory_win.cc(73)] ReadMemory at 0x1d683e74a18 of 512 bytes failed: Only part of a ReadProcessMemory or WriteProcessMemory request was completed. (0x12B)
[0807/122926.430:ERROR:process_memory_win.cc(73)] ReadMemory at 0x1d684105900 of 512 bytes failed: Only part of a ReadProcessMemory or WriteProcessMemory request was completed. (0x12B)
[0807/122926.430:ERROR:process_memory_win.cc(73)] ReadMemory at 0x1d684a4ac70 of 512 bytes failed: Only part of a ReadProcessMemory or WriteProcessMemory request was completed. (0x12B)
[0807/122926.430:ERROR:process_memory_win.cc(73)] ReadMemory at 0x1d685b9fe50 of 512 bytes failed: Only part of a ReadProcessMemory or WriteProcessMemory request was completed. (0x12B)
[0807/122926.430:ERROR:process_memory_win.cc(73)] ReadMemory at 0x1d685f0b470 of 512 bytes failed: Only part of a ReadProcessMemory or WriteProcessMemory request was completed. (0x12B)
[0807/122926.430:ERROR:process_memory_win.cc(73)] ReadMemory at 0x1d69013afc0 of 512 bytes failed: Only part of a ReadProcessMemory or WriteProcessMemory request was completed. (0x12B)
[0807/122926.430:ERROR:process_memory_win.cc(73)] ReadMemory at 0x1d6908d7fd0 of 512 bytes failed: Only part of a ReadProcessMemory or WriteProcessMemory request was completed. (0x12B)
[0807/122926.430:ERROR:process_memory_win.cc(73)] ReadMemory at 0x1d690ac2a10 of 512 bytes failed: Only part of a ReadProcessMemory or WriteProcessMemory request was completed. (0x12B)
[0807/122926.430:ERROR:process_memory_win.cc(73)] ReadMemory at 0x1d691e0f060 of 512 bytes failed: Only part of a ReadProcessMemory or WriteProcessMemory request was completed. (0x12B)
[0807/122926.430:ERROR:process_memory_win.cc(73)] ReadMemory at 0x1d691e22fb0 of 512 bytes failed: Only part of a ReadProcessMemory or WriteProcessMemory request was completed. (0x12B)
[0807/122926.431:ERROR:process_memory_win.cc(73)] ReadMemory at 0x1d6922e1508 of 512 bytes failed: Only part of a ReadProcessMemory or WriteProcessMemory request was completed. (0x12B)
[0807/122926.431:ERROR:process_memory_win.cc(73)] ReadMemory at 0x1d6931162d0 of 512 bytes failed: Only part of a ReadProcessMemory or WriteProcessMemory request was completed. (0x12B)
[0807/122926.431:ERROR:process_memory_win.cc(73)] ReadMemory at 0x1d693215fb0 of 512 bytes failed: Only part of a ReadProcessMemory or WriteProcessMemory request was completed. (0x12B)
[0807/122926.431:ERROR:process_memory_win.cc(73)] ReadMemory at 0x1d693b84000 of 400 bytes failed: Only part of a ReadProcessMemory or WriteProcessMemory request was completed. (0x12B)
[0807/122926.431:ERROR:process_memory_win.cc(73)] ReadMemory at 0x1d693bbea70 of 512 bytes failed: Only part of a ReadProcessMemory or WriteProcessMemory request was completed. (0x12B)
[0807/122926.431:ERROR:process_memory_win.cc(73)] ReadMemory at 0x1d69444fa20 of 536 bytes failed: Only part of a ReadProcessMemory or WriteProcessMemory request was completed. (0x12B)
[0807/122926.431:ERROR:process_memory_win.cc(73)] ReadMemory at 0x1d694486678 of 512 bytes failed: Only part of a ReadProcessMemory or WriteProcessMemory request was completed. (0x12B)
[0807/122926.431:ERROR:process_memory_win.cc(73)] ReadMemory at 0x1d6fa160fc0 of 19512 bytes failed: Only part of a ReadProcessMemory or WriteProcessMemory request was completed. (0x12B)
[0807/122926.431:ERROR:process_memory_win.cc(73)] ReadMemory at 0x1d6fa165c00 of 1012 bytes failed: Only part of a ReadProcessMemory or WriteProcessMemory request was completed. (0x12B)
[0807/122926.431:ERROR:process_memory_win.cc(73)] ReadMemory at 0x1d6fa166218 of 118 bytes failed: Only part of a ReadProcessMemory or WriteProcessMemory request was completed. (0x12B)
[0807/122926.431:ERROR:process_memory_win.cc(73)] ReadMemory at 0x1d6fa166290 of 680 bytes failed: Only part of a ReadProcessMemory or WriteProcessMemory request was completed. (0x12B)
[0807/122926.431:ERROR:process_memory_win.cc(73)] ReadMemory at 0x1d6fa16653a of 118 bytes failed: Only part of a ReadProcessMemory or WriteProcessMemory request was completed. (0x12B)
[0807/122926.451:ERROR:process_memory_win.cc(73)] ReadMemory at 0x1d6fa1665b2 of 94 bytes failed: Only part of a ReadProcessMemory or WriteProcessMemory request was completed. (0x12B)
[0807/122926.451:ERROR:process_memory_win.cc(73)] ReadMemory at 0x1d6fa166620 of 58 bytes failed: Only part of a ReadProcessMemory or WriteProcessMemory request was completed. (0x12B)
[0807/122926.451:ERROR:process_memory_win.cc(73)] ReadMemory at 0x1d6fa166720 of 132 bytes failed: Only part of a ReadProcessMemory or WriteProcessMemory request was completed. (0x12B)
[0807/122926.451:ERROR:process_memory_win.cc(73)] ReadMemory at 0x1d6fa1668b0 of 132 bytes failed: Only part of a ReadProcessMemory or WriteProcessMemory request was completed. (0x12B)
[0807/122926.452:ERROR:process_memory_win.cc(73)] ReadMemory at 0x1d6fa166a70 of 126 bytes failed: Only part of a ReadProcessMemory or WriteProcessMemory request was completed. (0x12B)
[0807/122926.452:ERROR:process_memory_win.cc(73)] ReadMemory at 0x1d6fa166e30 of 132 bytes failed: Only part of a ReadProcessMemory or WriteProcessMemory request was completed. (0x12B)
[0807/122926.452:ERROR:process_memory_win.cc(73)] ReadMemory at 0x1d6fa166fd0 of 64 bytes failed: Only part of a ReadProcessMemory or WriteProcessMemory request was completed. (0x12B)
[0807/122926.452:ERROR:process_memory_win.cc(73)] ReadMemory at 0x1d6fa167350 of 132 bytes failed: Only part of a ReadProcessMemory or WriteProcessMemory request was completed. (0x12B)
[0807/122926.452:ERROR:process_memory_win.cc(73)] ReadMemory at 0x1d6fa1674e0 of 68 bytes failed: Only part of a ReadProcessMemory or WriteProcessMemory request was completed. (0x12B)
[0807/122926.452:ERROR:process_memory_win.cc(73)] ReadMemory at 0x1d6fa168270 of 132 bytes failed: Only part of a ReadProcessMemory or WriteProcessMemory request was completed. (0x12B)
[0807/122926.482:ERROR:process_memory_win.cc(73)] ReadMemory at 0x1d6fa168460 of 132 bytes failed: Only part of a ReadProcessMemory or WriteProcessMemory request was completed. (0x12B)
[0807/122926.483:ERROR:process_memory_win.cc(73)] ReadMemory at 0x1d6fa168590 of 154 bytes failed: Only part of a ReadProcessMemory or WriteProcessMemory request was completed. (0x12B)
[0807/122926.483:ERROR:process_memory_win.cc(73)] ReadMemory at 0x1d6fa169370 of 132 bytes failed: Only part of a ReadProcessMemory or WriteProcessMemory request was completed. (0x12B)
[0807/122926.483:ERROR:process_memory_win.cc(73)] ReadMemory at 0x1d6fa1694a0 of 60 bytes failed: Only part of a ReadProcessMemory or WriteProcessMemory request was completed. (0x12B)
[0807/122926.483:ERROR:process_memory_win.cc(73)] ReadMemory at 0x1d6fa169ee0 of 62 bytes failed: Only part of a ReadProcessMemory or WriteProcessMemory request was completed. (0x12B)
[0807/122926.483:ERROR:process_memory_win.cc(73)] ReadMemory at 0x1d6fa179000 of 64 bytes failed: Only part of a ReadProcessMemory or WriteProcessMemory request was completed. (0x12B)
[0807/122926.483:ERROR:process_memory_win.cc(73)] ReadMemory at 0x1d6fa179050 of 62 bytes failed: Only part of a ReadProcessMemory or WriteProcessMemory request was completed. (0x12B)
[0807/122926.483:ERROR:process_memory_win.cc(73)] ReadMemory at 0x1d6fa1790a0 of 64 bytes failed: Only part of a ReadProcessMemory or WriteProcessMemory request was completed. (0x12B)
[0807/122926.483:ERROR:process_memory_win.cc(73)] ReadMemory at 0x1d6fa179140 of 62 bytes failed: Only part of a ReadProcessMemory or WriteProcessMemory request was completed. (0x12B)
[0807/122926.926:ERROR:process_memory_win.cc(73)] ReadMemory at 0x1d6fa179280 of 66 bytes failed: Only part of a ReadProcessMemory or WriteProcessMemory request was completed. (0x12B)
[0807/122926.926:ERROR:process_memory_win.cc(73)] ReadMemory at 0x1d6fa1794b0 of 64 bytes failed: Only part of a ReadProcessMemory or WriteProcessMemory request was completed. (0x12B)
[0807/122926.945:ERROR:process_memory_win.cc(73)] ReadMemory at 0x1d6fa1795f0 of 62 bytes failed: Only part of a ReadProcessMemory or WriteProcessMemory request was completed. (0x12B)
[0807/122926.945:ERROR:process_memory_win.cc(73)] ReadMemory at 0x1d6fa179730 of 60 bytes failed: Only part of a ReadProcessMemory or WriteProcessMemory request was completed. (0x12B)
[0807/122926.945:ERROR:process_memory_win.cc(73)] ReadMemory at 0x1d6fa179780 of 62 bytes failed: Only part of a ReadProcessMemory or WriteProcessMemory request was completed. (0x12B)
[0807/122926.945:ERROR:process_memory_win.cc(73)] ReadMemory at 0x1d6fa179820 of 62 bytes failed: Only part of a ReadProcessMemory or WriteProcessMemory request was completed. (0x12B)
[0807/122926.945:ERROR:process_memory_win.cc(73)] ReadMemory at 0x1d6fa179870 of 60 bytes failed: Only part of a ReadProcessMemory or WriteProcessMemory request was completed. (0x12B)
[0807/122926.945:ERROR:process_memory_win.cc(73)] ReadMemory at 0x1d6fa1799b0 of 62 bytes failed: Only part of a ReadProcessMemory or WriteProcessMemory request was completed. (0x12B)
[0807/122926.945:ERROR:process_memory_win.cc(73)] ReadMemory at 0x1d6fa179a00 of 64 bytes failed: Only part of a ReadProcessMemory or WriteProcessMemory request was completed. (0x12B)
[0807/122926.945:ERROR:process_memory_win.cc(73)] ReadMemory at 0x1d6fa179a50 of 64 bytes failed: Only part of a ReadProcessMemory or WriteProcessMemory request was completed. (0x12B)
[0807/122926.946:ERROR:process_memory_win.cc(73)] ReadMemory at 0x1d6fa179af0 of 64 bytes failed: Only part of a ReadProcessMemory or WriteProcessMemory request was completed. (0x12B)
[0807/122926.946:ERROR:process_memory_win.cc(73)] ReadMemory at 0x1d6fa179be0 of 58 bytes failed: Only part of a ReadProcessMemory or WriteProcessMemory request was completed. (0x12B)
[0807/122926.946:ERROR:process_memory_win.cc(73)] ReadMemory at 0x1d6fa179c30 of 62 bytes failed: Only part of a ReadProcessMemory or WriteProcessMemory request was completed. (0x12B)
[0807/122926.946:ERROR:process_memory_win.cc(73)] ReadMemory at 0x1d6fa179e10 of 60 bytes failed: Only part of a ReadProcessMemory or WriteProcessMemory request was completed. (0x12B)
[0807/122926.946:ERROR:process_memory_win.cc(73)] ReadMemory at 0x1d6fa179e60 of 64 bytes failed: Only part of a ReadProcessMemory or WriteProcessMemory request was completed. (0x12B)
[0807/122926.946:ERROR:process_memory_win.cc(73)] ReadMemory at 0x1d6fa179eb0 of 62 bytes failed: Only part of a ReadProcessMemory or WriteProcessMemory request was completed. (0x12B)
[0807/122926.946:ERROR:process_memory_win.cc(73)] ReadMemory at 0x1d6fa179f50 of 60 bytes failed: Only part of a ReadProcessMemory or WriteProcessMemory request was completed. (0x12B)
[0807/122926.946:ERROR:process_memory_win.cc(73)] ReadMemory at 0x1d6fa17c450 of 80 bytes failed: Only part of a ReadProcessMemory or WriteProcessMemory request was completed. (0x12B)
[0807/122926.946:ERROR:process_memory_win.cc(73)] ReadMemory at 0x1d6fa17eca0 of 132 bytes failed: Only part of a ReadProcessMemory or WriteProcessMemory request was completed. (0x12B)
[0807/122926.946:ERROR:process_memory_win.cc(73)] ReadMemory at 0x1d6fa17f4e0 of 80 bytes failed: Only part of a ReadProcessMemory or WriteProcessMemory request was completed. (0x12B)
[0807/122926.946:ERROR:process_memory_win.cc(73)] ReadMemory at 0x1d6fa17fe80 of 64 bytes failed: Only part of a ReadProcessMemory or WriteProcessMemory request was completed. (0x12B)
[0807/122926.946:ERROR:process_memory_win.cc(73)] ReadMemory at 0x1d6fa1806f0 of 60 bytes failed: Only part of a ReadProcessMemory or WriteProcessMemory request was completed. (0x12B)
[0807/122926.946:ERROR:process_memory_win.cc(73)] ReadMemory at 0x1d6fa180740 of 66 bytes failed: Only part of a ReadProcessMemory or WriteProcessMemory request was completed. (0x12B)
[0807/122926.946:ERROR:process_memory_win.cc(73)] ReadMemory at 0x1d6fa180d30 of 62 bytes failed: Only part of a ReadProcessMemory or WriteProcessMemory request was completed. (0x12B)
[0807/122926.946:ERROR:process_memory_win.cc(73)] ReadMemory at 0x1d6fa182210 of 132 bytes failed: Only part of a ReadProcessMemory or WriteProcessMemory request was completed. (0x12B)
[0807/122926.946:ERROR:process_memory_win.cc(73)] ReadMemory at 0x1d6fa1854d0 of 132 bytes failed: Only part of a ReadProcessMemory or WriteProcessMemory request was completed. (0x12B)
[0807/122926.947:ERROR:process_memory_win.cc(73)] ReadMemory at 0x1d6fa185910 of 132 bytes failed: Only part of a ReadProcessMemory or WriteProcessMemory request was completed. (0x12B)
[0807/122926.947:ERROR:process_memory_win.cc(73)] ReadMemory at 0x1d6fa1864e0 of 54 bytes failed: Only part of a ReadProcessMemory or WriteProcessMemory request was completed. (0x12B)
[0807/122926.947:ERROR:process_memory_win.cc(73)] ReadMemory at 0x1d6fa188080 of 132 bytes failed: Only part of a ReadProcessMemory or WriteProcessMemory request was completed. (0x12B)
[0807/122926.979:ERROR:process_memory_win.cc(73)] ReadMemory at 0x1d6fa1881b0 of 132 bytes failed: Only part of a ReadProcessMemory or WriteProcessMemory request was completed. (0x12B)
[0807/122926.979:ERROR:process_memory_win.cc(73)] ReadMemory at 0x1d6fa1882e0 of 132 bytes failed: Only part of a ReadProcessMemory or WriteProcessMemory request was completed. (0x12B)
[0807/122926.979:ERROR:process_memory_win.cc(73)] ReadMemory at 0x1d6fa189b00 of 146 bytes failed: Only part of a ReadProcessMemory or WriteProcessMemory request was completed. (0x12B)
[0807/122926.980:ERROR:process_memory_win.cc(73)] ReadMemory at 0x1d6fa189bc0 of 132 bytes failed: Only part of a ReadProcessMemory or WriteProcessMemory request was completed. (0x12B)
[0807/122926.980:ERROR:process_memory_win.cc(73)] ReadMemory at 0x1d6fa18b680 of 132 bytes failed: Only part of a ReadProcessMemory or WriteProcessMemory request was completed. (0x12B)
[0807/122926.980:ERROR:process_memory_win.cc(73)] ReadMemory at 0x1d6fa18b7b0 of 132 bytes failed: Only part of a ReadProcessMemory or WriteProcessMemory request was completed. (0x12B)
[0807/122926.980:ERROR:process_memory_win.cc(73)] ReadMemory at 0x1d6fa18b8e0 of 132 bytes failed: Only part of a ReadProcessMemory or WriteProcessMemory request was completed. (0x12B)
[0807/122926.980:ERROR:process_memory_win.cc(73)] ReadMemory at 0x1d6fa18ba10 of 132 bytes failed: Only part of a ReadProcessMemory or WriteProcessMemory request was completed. (0x12B)
[0807/122926.980:ERROR:process_memory_win.cc(73)] ReadMemory at 0x1d6fa18bb40 of 132 bytes failed: Only part of a ReadProcessMemory or WriteProcessMemory request was completed. (0x12B)
[0807/122926.980:ERROR:process_memory_win.cc(73)] ReadMemory at 0x1d6fa18bc70 of 132 bytes failed: Only part of a ReadProcessMemory or WriteProcessMemory request was completed. (0x12B)
[0807/122926.980:ERROR:process_memory_win.cc(73)] ReadMemory at 0x1d6fa18bda0 of 132 bytes failed: Only part of a ReadProcessMemory or WriteProcessMemory request was completed. (0x12B)
[0807/122926.980:ERROR:process_memory_win.cc(73)] ReadMemory at 0x1d6fa18bed0 of 132 bytes failed: Only part of a ReadProcessMemory or WriteProcessMemory request was completed. (0x12B)
[0807/122926.980:ERROR:process_memory_win.cc(73)] ReadMemory at 0x1d6fa18c000 of 132 bytes failed: Only part of a ReadProcessMemory or WriteProcessMemory request was completed. (0x12B)
[0807/122927.011:ERROR:process_memory_win.cc(73)] ReadMemory at 0x1d6fa18c130 of 132 bytes failed: Only part of a ReadProcessMemory or WriteProcessMemory request was completed. (0x12B)
[0807/122927.011:ERROR:process_memory_win.cc(73)] ReadMemory at 0x1d6fa18c260 of 132 bytes failed: Only part of a ReadProcessMemory or WriteProcessMemory request was completed. (0x12B)
[0807/122927.011:ERROR:process_memory_win.cc(73)] ReadMemory at 0x1d6fa18c390 of 132 bytes failed: Only part of a ReadProcessMemory or WriteProcessMemory request was completed. (0x12B)
[0807/122927.011:ERROR:process_memory_win.cc(73)] ReadMemory at 0x1d6fa18c4c0 of 132 bytes failed: Only part of a ReadProcessMemory or WriteProcessMemory request was completed. (0x12B)
[0807/122927.011:ERROR:process_memory_win.cc(73)] ReadMemory at 0x1d6fa18dd90 of 132 bytes failed: Only part of a ReadProcessMemory or WriteProcessMemory request was completed. (0x12B)
[0807/122927.030:ERROR:process_memory_win.cc(73)] ReadMemory at 0x1d6fa1900c0 of 132 bytes failed: Only part of a ReadProcessMemory or WriteProcessMemory request was completed. (0x12B)
[0807/122927.030:ERROR:process_memory_win.cc(73)] ReadMemory at 0x1d6fa190580 of 132 bytes failed: Only part of a ReadProcessMemory or WriteProcessMemory request was completed. (0x12B)
[0807/122927.214:ERROR:process_memory_win.cc(73)] ReadMemory at 0x1d6fa1907e0 of 132 bytes failed: Only part of a ReadProcessMemory or WriteProcessMemory request was completed. (0x12B)
[0807/122927.214:ERROR:process_memory_win.cc(73)] ReadMemory at 0x1d6fa190ca0 of 132 bytes failed: Only part of a ReadProcessMemory or WriteProcessMemory request was completed. (0x12B)
[0807/122927.215:ERROR:process_memory_win.cc(73)] ReadMemory at 0x1d6fa191030 of 132 bytes failed: Only part of a ReadProcessMemory or WriteProcessMemory request was completed. (0x12B)
[0807/122927.215:ERROR:process_memory_win.cc(73)] ReadMemory at 0x1d6fa191880 of 132 bytes failed: Only part of a ReadProcessMemory or WriteProcessMemory request was completed. (0x12B)
[0807/122927.215:ERROR:process_memory_win.cc(73)] ReadMemory at 0x1d6fa191ae0 of 132 bytes failed: Only part of a ReadProcessMemory or WriteProcessMemory request was completed. (0x12B)
[0807/122927.215:ERROR:process_memory_win.cc(73)] ReadMemory at 0x1d6fa1f3170 of 512 bytes failed: Only part of a ReadProcessMemory or WriteProcessMemory request was completed. (0x12B)
[0807/122927.215:ERROR:process_memory_win.cc(73)] ReadMemory at 0x1d6fa1f3c10 of 512 bytes failed: Only part of a ReadProcessMemory or WriteProcessMemory request was completed. (0x12B)
[0807/122927.215:ERROR:process_memory_win.cc(73)] ReadMemory at 0x1d6fa1f4310 of 712 bytes failed: Only part of a ReadProcessMemory or WriteProcessMemory request was completed. (0x12B)
[0807/122927.215:ERROR:process_memory_win.cc(73)] ReadMemory at 0x1d6fa205340 of 512 bytes failed: Only part of a ReadProcessMemory or WriteProcessMemory request was completed. (0x12B)
[0807/122927.215:ERROR:process_memory_win.cc(73)] ReadMemory at 0x4766d3cc488 of 512 bytes failed: Only part of a ReadProcessMemory or WriteProcessMemory request was completed. (0x12B)
[0807/122927.215:ERROR:process_memory_win.cc(73)] ReadMemory at 0x4766e2f4d60 of 512 bytes failed: Only part of a ReadProcessMemory or WriteProcessMemory request was completed. (0x12B)
[0807/122927.215:ERROR:process_memory_win.cc(73)] ReadMemory at 0x4766e2f6010 of 512 bytes failed: Only part of a ReadProcessMemory or WriteProcessMemory request was completed. (0x12B)
[0807/122927.215:ERROR:process_memory_win.cc(73)] ReadMemory at 0x3e6800000000 of 384 bytes failed: Only part of a ReadProcessMemory or WriteProcessMemory request was completed. (0x12B)
[0807/122927.253:ERROR:process_memory_win.cc(73)] ReadMemory at 0x3e680804028d of 512 bytes failed: Only part of a ReadProcessMemory or WriteProcessMemory request was completed. (0x12B)
[0807/122927.253:ERROR:process_memory_win.cc(73)] ReadMemory at 0x3e680da043d1 of 512 bytes failed: Only part of a ReadProcessMemory or WriteProcessMemory request was completed. (0x12B)
[0807/122927.254:ERROR:process_memory_win.cc(73)] ReadMemory at 0x3e680da2b145 of 848 bytes failed: Only part of a ReadProcessMemory or WriteProcessMemory request was completed. (0x12B)
[0807/122927.254:ERROR:process_memory_win.cc(73)] ReadMemory at 0x3e680e322b51 of 512 bytes failed: Only part of a ReadProcessMemory or WriteProcessMemory request was completed. (0x12B)
[0807/122927.254:ERROR:process_memory_win.cc(73)] ReadMemory at 0x3e680e917938 of 513 bytes failed: Only part of a ReadProcessMemory or WriteProcessMemory request was completed. (0x12B)
[0807/122927.254:ERROR:process_memory_win.cc(73)] ReadMemory at 0x3e680e93ddfd of 512 bytes failed: Only part of a ReadProcessMemory or WriteProcessMemory request was completed. (0x12B)
[0807/122927.254:ERROR:process_memory_win.cc(73)] ReadMemory at 0x3e680f89a985 of 512 bytes failed: Only part of a ReadProcessMemory or WriteProcessMemory request was completed. (0x12B)
[0807/122927.254:ERROR:process_memory_win.cc(73)] ReadMemory at 0x3e68103c9f80 of 512 bytes failed: Only part of a ReadProcessMemory or WriteProcessMemory request was completed. (0x12B)
[0807/122927.254:ERROR:process_memory_win.cc(73)] ReadMemory at 0x3e6810fc0cc0 of 512 bytes failed: Only part of a ReadProcessMemory or WriteProcessMemory request was completed. (0x12B)
[0807/122927.254:ERROR:process_memory_win.cc(73)] ReadMemory at 0x3e6810fc0fd0 of 512 bytes failed: Only part of a ReadProcessMemory or WriteProcessMemory request was completed. (0x12B)
[0807/122927.254:ERROR:process_memory_win.cc(73)] ReadMemory at 0x3e6816b2dc2d of 512 bytes failed: Only part of a ReadProcessMemory or WriteProcessMemory request was completed. (0x12B)
[0807/122927.254:ERROR:process_memory_win.cc(73)] ReadMemory at 0x7ffe8de06136 of 512 bytes failed: Only part of a ReadProcessMemory or WriteProcessMemory request was completed. (0x12B)
[0807/122927.254:ERROR:process_memory_win.cc(73)] ReadMemory at 0x7ffe90005aa7 of 512 bytes failed: Only part of a ReadProcessMemory or WriteProcessMemory request was completed. (0x12B)
[0807/122927.254:ERROR:process_memory_win.cc(73)] ReadMemory at 0x7ffe94caed30 of 512 bytes failed: Only part of a ReadProcessMemory or WriteProcessMemory request was completed. (0x12B)
[0807/122927.254:ERROR:process_memory_win.cc(73)] ReadMemory at 0x7ffea3fa79b3 of 512 bytes failed: Only part of a ReadProcessMemory or WriteProcessMemory request was completed. (0x12B)
[0807/122927.254:ERROR:process_memory_win.cc(73)] ReadMemory at 0x7ffea3fa81a0 of 512 bytes failed: Only part of a ReadProcessMemory or WriteProcessMemory request was completed. (0x12B)
[0807/122927.295:ERROR:process_memory_win.cc(73)] ReadMemory at 0x7ffec73f29e0 of 512 bytes failed: Only part of a ReadProcessMemory or WriteProcessMemory request was completed. (0x12B)
[0807/122927.295:ERROR:process_memory_win.cc(73)] ReadMemory at 0x7ffec73f2e80 of 512 bytes failed: Only part of a ReadProcessMemory or WriteProcessMemory request was completed. (0x12B)
[0807/122927.295:ERROR:process_memory_win.cc(73)] ReadMemory at 0x7ffec74553b4 of 672 bytes failed: Only part of a ReadProcessMemory or WriteProcessMemory request was completed. (0x12B)
[0807/122927.295:ERROR:process_memory_win.cc(73)] ReadMemory at 0x7ffec7458b64 of 608 bytes failed: Only part of a ReadProcessMemory or WriteProcessMemory request was completed. (0x12B)
[0807/122927.296:ERROR:process_memory_win.cc(73)] ReadMemory at 0x7ffec74d38e0 of 18 bytes failed: Only part of a ReadProcessMemory or WriteProcessMemory request was completed. (0x12B)
[0807/122927.296:ERROR:process_memory_win.cc(73)] ReadMemory at 0x7ffec75055a8 of 40 bytes failed: Only part of a ReadProcessMemory or WriteProcessMemory request was completed. (0x12B)
[0807/122927.296:ERROR:process_memory_win.cc(73)] ReadMemory at 0x7ffec75059a8 of 48 bytes failed: Only part of a ReadProcessMemory or WriteProcessMemory request was completed. (0x12B)
[0807/122927.296:ERROR:process_memory_win.cc(73)] ReadMemory at 0x7ffec750b340 of 64 bytes failed: Only part of a ReadProcessMemory or WriteProcessMemory request was completed. (0x12B)
[0807/122927.323:ERROR:scoped_process_suspend.cc(40)] NtResumeProcess: An attempt was made to access an exiting process. (0xc000010a)
[0807/153949.706:ERROR:process_memory_win.cc(73)] ReadMemory at 0x225c92b15b0 of 72 bytes failed: Only part of a ReadProcessMemory or WriteProcessMemory request was completed. (0x12B)
[0807/153950.822:WARNING:pe_image_annotations_reader.cc(134)] could not read annotations list object in C:\Program Files (x86)\Google\Chrome\Application\84.0.4147.105\chrome_elf.dll
[0807/153950.822:ERROR:process_memory_win.cc(73)] ReadMemory at 0x225c92f17a0 of 72 bytes failed: Only part of a ReadProcessMemory or WriteProcessMemory request was completed. (0x12B)
[0807/153950.822:WARNING:pe_image_annotations_reader.cc(134)] could not read annotations list object in C:\Program Files (x86)\Google\Chrome\Application\84.0.4147.105\chrome.dll
[0807/153950.827:ERROR:process_memory_win.cc(73)] ReadMemory at 0x225c92b15b0 of 72 bytes failed: Only part of a ReadProcessMemory or WriteProcessMemory request was completed. (0x12B)
[0807/153950.827:WARNING:pe_image_annotations_reader.cc(134)] could not read annotations list object in C:\Program Files (x86)\Google\Chrome\Application\84.0.4147.105\chrome_elf.dll
[0807/153950.827:ERROR:process_memory_win.cc(73)] ReadMemory at 0x225c92f17a0 of 72 bytes failed: Only part of a ReadProcessMemory or WriteProcessMemory request was completed. (0x12B)
[0807/153950.827:WARNING:pe_image_annotations_reader.cc(134)] could not read annotations list object in C:\Program Files (x86)\Google\Chrome\Application\84.0.4147.105\chrome.dll
[0807/153950.828:ERROR:process_memory_win.cc(73)] ReadMemory at 0x225c92b15b0 of 72 bytes failed: Only part of a ReadProcessMemory or WriteProcessMemory request was completed. (0x12B)
[0807/153950.828:WARNING:pe_image_annotations_reader.cc(134)] could not read annotations list object in C:\Program Files (x86)\Google\Chrome\Application\84.0.4147.105\chrome_elf.dll
[0807/153950.828:ERROR:process_memory_win.cc(73)] ReadMemory at 0x225c92f17a0 of 72 bytes failed: Only part of a ReadProcessMemory or WriteProcessMemory request was completed. (0x12B)
[0807/153950.828:WARNING:pe_image_annotations_reader.cc(134)] could not read annotations list object in C:\Program Files (x86)\Google\Chrome\Application\84.0.4147.105\chrome.dll
[0807/153952.118:ERROR:process_memory_win.cc(73)] ReadMemory at 0xef94de7000 of 102400 bytes failed: Only part of a ReadProcessMemory or WriteProcessMemory request was completed. (0x12B)
[0807/153952.119:ERROR:process_memory_win.cc(73)] ReadMemory at 0xef955fd000 of 12288 bytes failed: Only part of a ReadProcessMemory or WriteProcessMemory request was completed. (0x12B)
[0807/153952.119:ERROR:process_memory_win.cc(73)] ReadMemory at 0xef965fd000 of 12288 bytes failed: Only part of a ReadProcessMemory or WriteProcessMemory request was completed. (0x12B)
[0807/153952.119:ERROR:process_memory_win.cc(73)] ReadMemory at 0xef96dfc000 of 16384 bytes failed: Only part of a ReadProcessMemory or WriteProcessMemory request was completed. (0x12B)
[0807/153952.119:ERROR:process_memory_win.cc(73)] ReadMemory at 0xef975fe000 of 8192 bytes failed: Only part of a ReadProcessMemory or WriteProcessMemory request was completed. (0x12B)
[0807/153952.119:ERROR:process_memory_win.cc(73)] ReadMemory at 0xef97dfc000 of 16384 bytes failed: Only part of a ReadProcessMemory or WriteProcessMemory request was completed. (0x12B)
[0807/153952.119:ERROR:process_memory_win.cc(73)] ReadMemory at 0xef985fb000 of 20480 bytes failed: Only part of a ReadProcessMemory or WriteProcessMemory request was completed. (0x12B)
[0807/153952.119:ERROR:process_memory_win.cc(73)] ReadMemory at 0xef98dfb000 of 20480 bytes failed: Only part of a ReadProcessMemory or WriteProcessMemory request was completed. (0x12B)
[0807/153952.119:ERROR:process_memory_win.cc(73)] ReadMemory at 0xef995f9000 of 28672 bytes failed: Only part of a ReadProcessMemory or WriteProcessMemory request was completed. (0x12B)
[0807/153952.119:ERROR:process_memory_win.cc(73)] ReadMemory at 0xef99dfb000 of 20480 bytes failed: Only part of a ReadProcessMemory or WriteProcessMemory request was completed. (0x12B)
[0807/153952.120:ERROR:process_memory_win.cc(73)] ReadMemory at 0xef9cdfd000 of 12288 bytes failed: Only part of a ReadProcessMemory or WriteProcessMemory request was completed. (0x12B)
[0807/153952.120:ERROR:process_memory_win.cc(73)] ReadMemory at 0xef9d5fb000 of 20480 bytes failed: Only part of a ReadProcessMemory or WriteProcessMemory request was completed. (0x12B)
[0807/153952.120:ERROR:process_memory_win.cc(73)] ReadMemory at 0xef9ddf5000 of 45056 bytes failed: Only part of a ReadProcessMemory or WriteProcessMemory request was completed. (0x12B)
[0807/153952.120:ERROR:process_memory_win.cc(73)] ReadMemory at 0xef9edfd000 of 12288 bytes failed: Only part of a ReadProcessMemory or WriteProcessMemory request was completed. (0x12B)
[0807/153952.120:ERROR:process_memory_win.cc(73)] ReadMemory at 0xf07c5fc000 of 16384 bytes failed: Only part of a ReadProcessMemory or WriteProcessMemory request was completed. (0x12B)
[0807/153952.120:ERROR:process_memory_win.cc(73)] ReadMemory at 0xf0835fd000 of 12288 bytes failed: Only part of a ReadProcessMemory or WriteProcessMemory request was completed. (0x12B)
[0807/153952.120:ERROR:process_memory_win.cc(73)] ReadMemory at 0xf083dff000 of 4096 bytes failed: Only part of a ReadProcessMemory or WriteProcessMemory request was completed. (0x12B)
[0807/153952.120:ERROR:process_memory_win.cc(73)] ReadMemory at 0xef94412000 of 6024 bytes failed: Only part of a ReadProcessMemory or WriteProcessMemory request was completed. (0x12B)
[0807/153952.120:ERROR:process_memory_win.cc(73)] ReadMemory at 0xef94414000 of 6024 bytes failed: Only part of a ReadProcessMemory or WriteProcessMemory request was completed. (0x12B)
[0807/153952.120:ERROR:process_memory_win.cc(73)] ReadMemory at 0xef945ca000 of 852 bytes failed: Only part of a ReadProcessMemory or WriteProcessMemory request was completed. (0x12B)
[0807/153952.120:ERROR:process_memory_win.cc(73)] ReadMemory at 0xef945cb000 of 6024 bytes failed: Only part of a ReadProcessMemory or WriteProcessMemory request was completed. (0x12B)
[0807/153952.120:ERROR:process_memory_win.cc(73)] ReadMemory at 0xef945cd000 of 6024 bytes failed: Only part of a ReadProcessMemory or WriteProcessMemory request was completed. (0x12B)
[0807/153952.121:ERROR:process_memory_win.cc(73)] ReadMemory at 0xef945d1000 of 6024 bytes failed: Only part of a ReadProcessMemory or WriteProcessMemory request was completed. (0x12B)
[0807/153952.121:ERROR:process_memory_win.cc(73)] ReadMemory at 0xef945d3000 of 6024 bytes failed: Only part of a ReadProcessMemory or WriteProcessMemory request was completed. (0x12B)
[0807/153952.121:ERROR:process_memory_win.cc(73)] ReadMemory at 0xef945d5000 of 6024 bytes failed: Only part of a ReadProcessMemory or WriteProcessMemory request was completed. (0x12B)
[0807/153952.121:ERROR:process_memory_win.cc(73)] ReadMemory at 0xef945d7000 of 6024 bytes failed: Only part of a ReadProcessMemory or WriteProcessMemory request was completed. (0x12B)
[0807/153952.121:ERROR:process_memory_win.cc(73)] ReadMemory at 0xef945d9000 of 6024 bytes failed: Only part of a ReadProcessMemory or WriteProcessMemory request was completed. (0x12B)
[0807/153952.121:ERROR:process_memory_win.cc(73)] ReadMemory at 0xef945db000 of 6024 bytes failed: Only part of a ReadProcessMemory or WriteProcessMemory request was completed. (0x12B)
[0807/153952.121:ERROR:process_memory_win.cc(73)] ReadMemory at 0xef945dd000 of 6024 bytes failed: Only part of a ReadProcessMemory or WriteProcessMemory request was completed. (0x12B)
[0807/153952.121:ERROR:process_memory_win.cc(73)] ReadMemory at 0xef945df000 of 6024 bytes failed: Only part of a ReadProcessMemory or WriteProcessMemory request was completed. (0x12B)
[0807/153952.121:ERROR:process_memory_win.cc(73)] ReadMemory at 0xef945eb000 of 6024 bytes failed: Only part of a ReadProcessMemory or WriteProcessMemory request was completed. (0x12B)
[0807/153952.121:ERROR:process_memory_win.cc(73)] ReadMemory at 0xef945ed000 of 6024 bytes failed: Only part of a ReadProcessMemory or WriteProcessMemory request was completed. (0x12B)
[0807/153952.121:ERROR:process_memory_win.cc(73)] ReadMemory at 0xef945ef000 of 6024 bytes failed: Only part of a ReadProcessMemory or WriteProcessMemory request was completed. (0x12B)
[0807/153952.121:ERROR:process_memory_win.cc(73)] ReadMemory at 0xef945f3000 of 6024 bytes failed: Only part of a ReadProcessMemory or WriteProcessMemory request was completed. (0x12B)
[0807/153952.122:ERROR:process_memory_win.cc(73)] ReadMemory at 0xef945f5000 of 6024 bytes failed: Only part of a ReadProcessMemory or WriteProcessMemory request was completed. (0x12B)
[0807/153952.122:ERROR:process_memory_win.cc(73)] ReadMemory at 0x225c92a0000 of 384 bytes failed: Only part of a ReadProcessMemory or WriteProcessMemory request was completed. (0x12B)
[0807/153952.122:ERROR:process_memory_win.cc(73)] ReadMemory at 0x225c92a0fc0 of 19512 bytes failed: Only part of a ReadProcessMemory or WriteProcessMemory request was completed. (0x12B)
[0807/153952.122:ERROR:process_memory_win.cc(73)] ReadMemory at 0x225c92a5c00 of 1012 bytes failed: Only part of a ReadProcessMemory or WriteProcessMemory request was completed. (0x12B)
[0807/153952.122:ERROR:process_memory_win.cc(73)] ReadMemory at 0x225c92a6218 of 118 bytes failed: Only part of a ReadProcessMemory or WriteProcessMemory request was completed. (0x12B)
[0807/153952.122:ERROR:process_memory_win.cc(73)] ReadMemory at 0x225c92a6290 of 678 bytes failed: Only part of a ReadProcessMemory or WriteProcessMemory request was completed. (0x12B)
[0807/153952.122:ERROR:process_memory_win.cc(73)] ReadMemory at 0x225c92a6538 of 118 bytes failed: Only part of a ReadProcessMemory or WriteProcessMemory request was completed. (0x12B)
[0807/153952.122:ERROR:process_memory_win.cc(73)] ReadMemory at 0x225c92a65b0 of 94 bytes failed: Only part of a ReadProcessMemory or WriteProcessMemory request was completed. (0x12B)
[0807/153952.122:ERROR:process_memory_win.cc(73)] ReadMemory at 0x225c92a6620 of 58 bytes failed: Only part of a ReadProcessMemory or WriteProcessMemory request was completed. (0x12B)
[0807/153952.122:ERROR:process_memory_win.cc(73)] ReadMemory at 0x225c92a6720 of 132 bytes failed: Only part of a ReadProcessMemory or WriteProcessMemory request was completed. (0x12B)
[0807/153952.122:ERROR:process_memory_win.cc(73)] ReadMemory at 0x225c92a68b0 of 132 bytes failed: Only part of a ReadProcessMemory or WriteProcessMemory request was completed. (0x12B)
[0807/153952.122:ERROR:process_memory_win.cc(73)] ReadMemory at 0x225c92a6a70 of 126 bytes failed: Only part of a ReadProcessMemory or WriteProcessMemory request was completed. (0x12B)
[0807/153952.122:ERROR:process_memory_win.cc(73)] ReadMemory at 0x225c92a6e30 of 132 bytes failed: Only part of a ReadProcessMemory or WriteProcessMemory request was completed. (0x12B)
[0807/153952.122:ERROR:process_memory_win.cc(73)] ReadMemory at 0x225c92a6fd0 of 64 bytes failed: Only part of a ReadProcessMemory or WriteProcessMemory request was completed. (0x12B)
[0807/153952.122:ERROR:process_memory_win.cc(73)] ReadMemory at 0x225c92a7350 of 132 bytes failed: Only part of a ReadProcessMemory or WriteProcessMemory request was completed. (0x12B)
[0807/153952.122:ERROR:process_memory_win.cc(73)] ReadMemory at 0x225c92a74e0 of 68 bytes failed: Only part of a ReadProcessMemory or WriteProcessMemory request was completed. (0x12B)
[0807/153952.123:ERROR:process_memory_win.cc(73)] ReadMemory at 0x225c92a8270 of 132 bytes failed: Only part of a ReadProcessMemory or WriteProcessMemory request was completed. (0x12B)
[0807/153952.123:ERROR:process_memory_win.cc(73)] ReadMemory at 0x225c92a8460 of 132 bytes failed: Only part of a ReadProcessMemory or WriteProcessMemory request was completed. (0x12B)
[0807/153952.123:ERROR:process_memory_win.cc(73)] ReadMemory at 0x225c92a8590 of 154 bytes failed: Only part of a ReadProcessMemory or WriteProcessMemory request was completed. (0x12B)
[0807/153952.123:ERROR:process_memory_win.cc(73)] ReadMemory at 0x225c92a9370 of 132 bytes failed: Only part of a ReadProcessMemory or WriteProcessMemory request was completed. (0x12B)
[0807/153952.123:ERROR:process_memory_win.cc(73)] ReadMemory at 0x225c92a94a0 of 60 bytes failed: Only part of a ReadProcessMemory or WriteProcessMemory request was completed. (0x12B)
[0807/153952.123:ERROR:process_memory_win.cc(73)] ReadMemory at 0x225c92a9ee0 of 62 bytes failed: Only part of a ReadProcessMemory or WriteProcessMemory request was completed. (0x12B)
[0807/153952.123:ERROR:process_memory_win.cc(73)] ReadMemory at 0x225c92b90a0 of 62 bytes failed: Only part of a ReadProcessMemory or WriteProcessMemory request was completed. (0x12B)
[0807/153952.323:ERROR:process_memory_win.cc(73)] ReadMemory at 0x225c92b90f0 of 64 bytes failed: Only part of a ReadProcessMemory or WriteProcessMemory request was completed. (0x12B)
[0807/153952.324:ERROR:process_memory_win.cc(73)] ReadMemory at 0x225c92b9280 of 60 bytes failed: Only part of a ReadProcessMemory or WriteProcessMemory request was completed. (0x12B)
[0807/153952.324:ERROR:process_memory_win.cc(73)] ReadMemory at 0x225c92b92d0 of 62 bytes failed: Only part of a ReadProcessMemory or WriteProcessMemory request was completed. (0x12B)
[0807/153952.324:ERROR:process_memory_win.cc(73)] ReadMemory at 0x225c92b9460 of 64 bytes failed: Only part of a ReadProcessMemory or WriteProcessMemory request was completed. (0x12B)
[0807/153952.344:ERROR:process_memory_win.cc(73)] ReadMemory at 0x225c92b94b0 of 60 bytes failed: Only part of a ReadProcessMemory or WriteProcessMemory request was completed. (0x12B)
[0807/153952.344:ERROR:process_memory_win.cc(73)] ReadMemory at 0x225c92b9500 of 64 bytes failed: Only part of a ReadProcessMemory or WriteProcessMemory request was completed. (0x12B)
[0807/153952.344:ERROR:process_memory_win.cc(73)] ReadMemory at 0x225c92b95a0 of 62 bytes failed: Only part of a ReadProcessMemory or WriteProcessMemory request was completed. (0x12B)
[0807/153952.344:ERROR:process_memory_win.cc(73)] ReadMemory at 0x225c92b9640 of 66 bytes failed: Only part of a ReadProcessMemory or WriteProcessMemory request was completed. (0x12B)
[0807/153952.344:ERROR:process_memory_win.cc(73)] ReadMemory at 0x225c92b9820 of 64 bytes failed: Only part of a ReadProcessMemory or WriteProcessMemory request was completed. (0x12B)
[0807/153952.344:ERROR:process_memory_win.cc(73)] ReadMemory at 0x225c92b98c0 of 60 bytes failed: Only part of a ReadProcessMemory or WriteProcessMemory request was completed. (0x12B)
[0807/153952.344:ERROR:process_memory_win.cc(73)] ReadMemory at 0x225c92b99b0 of 62 bytes failed: Only part of a ReadProcessMemory or WriteProcessMemory request was completed. (0x12B)
[0807/153952.344:ERROR:process_memory_win.cc(73)] ReadMemory at 0x225c92b9a00 of 62 bytes failed: Only part of a ReadProcessMemory or WriteProcessMemory request was completed. (0x12B)
[0807/153952.344:ERROR:process_memory_win.cc(73)] ReadMemory at 0x225c92b9aa0 of 62 bytes failed: Only part of a ReadProcessMemory or WriteProcessMemory request was completed. (0x12B)
[0807/153952.344:ERROR:process_memory_win.cc(73)] ReadMemory at 0x225c92b9b90 of 62 bytes failed: Only part of a ReadProcessMemory or WriteProcessMemory request was completed. (0x12B)
[0807/153952.344:ERROR:process_memory_win.cc(73)] ReadMemory at 0x225c92b9c30 of 64 bytes failed: Only part of a ReadProcessMemory or WriteProcessMemory request was completed. (0x12B)
[0807/153952.344:ERROR:process_memory_win.cc(73)] ReadMemory at 0x225c92b9c80 of 58 bytes failed: Only part of a ReadProcessMemory or WriteProcessMemory request was completed. (0x12B)
[0807/153952.344:ERROR:process_memory_win.cc(73)] ReadMemory at 0x225c92b9cd0 of 60 bytes failed: Only part of a ReadProcessMemory or WriteProcessMemory request was completed. (0x12B)
[0807/153952.345:ERROR:process_memory_win.cc(73)] ReadMemory at 0x225c92b9d70 of 64 bytes failed: Only part of a ReadProcessMemory or WriteProcessMemory request was completed. (0x12B)
[0807/153952.345:ERROR:process_memory_win.cc(73)] ReadMemory at 0x225c92b9f00 of 64 bytes failed: Only part of a ReadProcessMemory or WriteProcessMemory request was completed. (0x12B)
[0807/153952.345:ERROR:process_memory_win.cc(73)] ReadMemory at 0x225c92b9f50 of 62 bytes failed: Only part of a ReadProcessMemory or WriteProcessMemory request was completed. (0x12B)
[0807/153952.345:ERROR:process_memory_win.cc(73)] ReadMemory at 0x225c92bca50 of 80 bytes failed: Only part of a ReadProcessMemory or WriteProcessMemory request was completed. (0x12B)
[0807/153952.345:ERROR:process_memory_win.cc(73)] ReadMemory at 0x225c92beca0 of 132 bytes failed: Only part of a ReadProcessMemory or WriteProcessMemory request was completed. (0x12B)
[0807/153952.382:ERROR:process_memory_win.cc(73)] ReadMemory at 0x225c92bf1e0 of 80 bytes failed: Only part of a ReadProcessMemory or WriteProcessMemory request was completed. (0x12B)
[0807/153952.382:ERROR:process_memory_win.cc(73)] ReadMemory at 0x225c92c0330 of 64 bytes failed: Only part of a ReadProcessMemory or WriteProcessMemory request was completed. (0x12B)
[0807/153952.382:ERROR:process_memory_win.cc(73)] ReadMemory at 0x225c92c0380 of 62 bytes failed: Only part of a ReadProcessMemory or WriteProcessMemory request was completed. (0x12B)
[0807/153952.398:ERROR:process_memory_win.cc(73)] ReadMemory at 0x225c92c0560 of 66 bytes failed: Only part of a ReadProcessMemory or WriteProcessMemory request was completed. (0x12B)
[0807/153952.398:ERROR:process_memory_win.cc(73)] ReadMemory at 0x225c92c0830 of 60 bytes failed: Only part of a ReadProcessMemory or WriteProcessMemory request was completed. (0x12B)
[0807/153952.398:ERROR:process_memory_win.cc(73)] ReadMemory at 0x225c92c2210 of 132 bytes failed: Only part of a ReadProcessMemory or WriteProcessMemory request was completed. (0x12B)
[0807/153952.398:ERROR:process_memory_win.cc(73)] ReadMemory at 0x225c92c54d0 of 132 bytes failed: Only part of a ReadProcessMemory or WriteProcessMemory request was completed. (0x12B)
[0807/153952.399:ERROR:process_memory_win.cc(73)] ReadMemory at 0x225c92c5910 of 132 bytes failed: Only part of a ReadProcessMemory or WriteProcessMemory request was completed. (0x12B)
[0807/153952.399:ERROR:process_memory_win.cc(73)] ReadMemory at 0x225c92c6620 of 54 bytes failed: Only part of a ReadProcessMemory or WriteProcessMemory request was completed. (0x12B)
[0807/153952.646:ERROR:process_memory_win.cc(73)] ReadMemory at 0x225c92c8080 of 132 bytes failed: Only part of a ReadProcessMemory or WriteProcessMemory request was completed. (0x12B)
[0807/153952.647:ERROR:process_memory_win.cc(73)] ReadMemory at 0x225c92c81b0 of 132 bytes failed: Only part of a ReadProcessMemory or WriteProcessMemory request was completed. (0x12B)
[0807/153952.664:ERROR:process_memory_win.cc(73)] ReadMemory at 0x225c92c82e0 of 132 bytes failed: Only part of a ReadProcessMemory or WriteProcessMemory request was completed. (0x12B)
[0807/153952.664:ERROR:process_memory_win.cc(73)] ReadMemory at 0x225c92c9b00 of 146 bytes failed: Only part of a ReadProcessMemory or WriteProcessMemory request was completed. (0x12B)
[0807/153952.664:ERROR:process_memory_win.cc(73)] ReadMemory at 0x225c92c9bc0 of 132 bytes failed: Only part of a ReadProcessMemory or WriteProcessMemory request was completed. (0x12B)
[0807/153952.664:ERROR:process_memory_win.cc(73)] ReadMemory at 0x225c92cb680 of 132 bytes failed: Only part of a ReadProcessMemory or WriteProcessMemory request was completed. (0x12B)
[0807/153952.664:ERROR:process_memory_win.cc(73)] ReadMemory at 0x225c92cb7b0 of 132 bytes failed: Only part of a ReadProcessMemory or WriteProcessMemory request was completed. (0x12B)
[0807/153952.664:ERROR:process_memory_win.cc(73)] ReadMemory at 0x225c92cb8e0 of 132 bytes failed: Only part of a ReadProcessMemory or WriteProcessMemory request was completed. (0x12B)
[0807/153952.665:ERROR:process_memory_win.cc(73)] ReadMemory at 0x225c92cba10 of 132 bytes failed: Only part of a ReadProcessMemory or WriteProcessMemory request was completed. (0x12B)
[0807/153952.665:ERROR:process_memory_win.cc(73)] ReadMemory at 0x225c92cbb40 of 132 bytes failed: Only part of a ReadProcessMemory or WriteProcessMemory request was completed. (0x12B)
[0807/153952.665:ERROR:process_memory_win.cc(73)] ReadMemory at 0x225c92cbc70 of 132 bytes failed: Only part of a ReadProcessMemory or WriteProcessMemory request was completed. (0x12B)
[0807/153952.665:ERROR:process_memory_win.cc(73)] ReadMemory at 0x225c92cbda0 of 132 bytes failed: Only part of a ReadProcessMemory or WriteProcessMemory request was completed. (0x12B)
[0807/153952.665:ERROR:process_memory_win.cc(73)] ReadMemory at 0x225c92cbed0 of 132 bytes failed: Only part of a ReadProcessMemory or WriteProcessMemory request was completed. (0x12B)
[0807/153952.665:ERROR:process_memory_win.cc(73)] ReadMemory at 0x225c92cc000 of 132 bytes failed: Only part of a ReadProcessMemory or WriteProcessMemory request was completed. (0x12B)
[0807/153952.679:ERROR:process_memory_win.cc(73)] ReadMemory at 0x225c92cc130 of 132 bytes failed: Only part of a ReadProcessMemory or WriteProcessMemory request was completed. (0x12B)
[0807/153952.679:ERROR:process_memory_win.cc(73)] ReadMemory at 0x225c92cc260 of 132 bytes failed: Only part of a ReadProcessMemory or WriteProcessMemory request was completed. (0x12B)
[0807/153952.679:ERROR:process_memory_win.cc(73)] ReadMemory at 0x225c92cc390 of 132 bytes failed: Only part of a ReadProcessMemory or WriteProcessMemory request was completed. (0x12B)
[0807/153952.679:ERROR:process_memory_win.cc(73)] ReadMemory at 0x225c92cc4c0 of 132 bytes failed: Only part of a ReadProcessMemory or WriteProcessMemory request was completed. (0x12B)
[0807/153952.679:ERROR:process_memory_win.cc(73)] ReadMemory at 0x225c92cc5c0 of 512 bytes failed: Only part of a ReadProcessMemory or WriteProcessMemory request was completed. (0x12B)
[0807/153952.679:ERROR:process_memory_win.cc(73)] ReadMemory at 0x225c92cdd90 of 132 bytes failed: Only part of a ReadProcessMemory or WriteProcessMemory request was completed. (0x12B)
[0807/153952.679:ERROR:process_memory_win.cc(73)] ReadMemory at 0x225c92d0450 of 132 bytes failed: Only part of a ReadProcessMemory or WriteProcessMemory request was completed. (0x12B)
[0807/153952.679:ERROR:process_memory_win.cc(73)] ReadMemory at 0x225c92d07e0 of 132 bytes failed: Only part of a ReadProcessMemory or WriteProcessMemory request was completed. (0x12B)
[0807/153952.679:ERROR:process_memory_win.cc(73)] ReadMemory at 0x225c92d0a90 of 512 bytes failed: Only part of a ReadProcessMemory or WriteProcessMemory request was completed. (0x12B)
[0807/153952.679:ERROR:process_memory_win.cc(73)] ReadMemory at 0x225c92d0dd0 of 132 bytes failed: Only part of a ReadProcessMemory or WriteProcessMemory request was completed. (0x12B)
[0807/153952.679:ERROR:process_memory_win.cc(73)] ReadMemory at 0x225c92d1030 of 132 bytes failed: Only part of a ReadProcessMemory or WriteProcessMemory request was completed. (0x12B)
[0807/153952.679:ERROR:process_memory_win.cc(73)] ReadMemory at 0x225c92d14f0 of 132 bytes failed: Only part of a ReadProcessMemory or WriteProcessMemory request was completed. (0x12B)
[0807/153952.679:ERROR:process_memory_win.cc(73)] ReadMemory at 0x225c92d1c10 of 132 bytes failed: Only part of a ReadProcessMemory or WriteProcessMemory request was completed. (0x12B)
[0807/153952.680:ERROR:process_memory_win.cc(73)] ReadMemory at 0x225c9324620 of 512 bytes failed: Only part of a ReadProcessMemory or WriteProcessMemory request was completed. (0x12B)
[0807/153952.680:ERROR:process_memory_win.cc(73)] ReadMemory at 0x225c9333a60 of 512 bytes failed: Only part of a ReadProcessMemory or WriteProcessMemory request was completed. (0x12B)
[0807/153952.680:ERROR:process_memory_win.cc(73)] ReadMemory at 0x225c9334160 of 712 bytes failed: Only part of a ReadProcessMemory or WriteProcessMemory request was completed. (0x12B)
[0807/153952.680:ERROR:process_memory_win.cc(73)] ReadMemory at 0x225c934a850 of 512 bytes failed: Only part of a ReadProcessMemory or WriteProcessMemory request was completed. (0x12B)
[0807/153952.680:ERROR:process_memory_win.cc(73)] ReadMemory at 0x225c936f4d0 of 512 bytes failed: Only part of a ReadProcessMemory or WriteProcessMemory request was completed. (0x12B)
[0807/153952.680:ERROR:process_memory_win.cc(73)] ReadMemory at 0x225caa347b0 of 644 bytes failed: Only part of a ReadProcessMemory or WriteProcessMemory request was completed. (0x12B)
[0807/153952.680:ERROR:process_memory_win.cc(73)] ReadMemory at 0x225caa89a20 of 512 bytes failed: Only part of a ReadProcessMemory or WriteProcessMemory request was completed. (0x12B)
[0807/153952.726:ERROR:process_memory_win.cc(73)] ReadMemory at 0x225cad3f190 of 512 bytes failed: Only part of a ReadProcessMemory or WriteProcessMemory request was completed. (0x12B)
[0807/153952.726:ERROR:process_memory_win.cc(73)] ReadMemory at 0x225cad66ec0 of 512 bytes failed: Only part of a ReadProcessMemory or WriteProcessMemory request was completed. (0x12B)
[0807/153952.726:ERROR:process_memory_win.cc(73)] ReadMemory at 0x225cb1ba858 of 512 bytes failed: Only part of a ReadProcessMemory or WriteProcessMemory request was completed. (0x12B)
[0807/153952.726:ERROR:process_memory_win.cc(73)] ReadMemory at 0x225cb2c2f18 of 512 bytes failed: Only part of a ReadProcessMemory or WriteProcessMemory request was completed. (0x12B)
[0807/153952.727:ERROR:process_memory_win.cc(73)] ReadMemory at 0x225cb4f13b0 of 512 bytes failed: Only part of a ReadProcessMemory or WriteProcessMemory request was completed. (0x12B)
[0807/153952.727:ERROR:process_memory_win.cc(73)] ReadMemory at 0x225cb5022a0 of 512 bytes failed: Only part of a ReadProcessMemory or WriteProcessMemory request was completed. (0x12B)
[0807/153952.727:ERROR:process_memory_win.cc(73)] ReadMemory at 0x225cc68a000 of 400 bytes failed: Only part of a ReadProcessMemory or WriteProcessMemory request was completed. (0x12B)
[0807/153952.727:ERROR:process_memory_win.cc(73)] ReadMemory at 0x225cc6aa7e0 of 512 bytes failed: Only part of a ReadProcessMemory or WriteProcessMemory request was completed. (0x12B)
[0807/153952.727:ERROR:process_memory_win.cc(73)] ReadMemory at 0x225cc6aae20 of 480 bytes failed: Only part of a ReadProcessMemory or WriteProcessMemory request was completed. (0x12B)
[0807/153952.727:ERROR:process_memory_win.cc(73)] ReadMemory at 0x225cc957b00 of 512 bytes failed: Only part of a ReadProcessMemory or WriteProcessMemory request was completed. (0x12B)
[0807/153952.727:ERROR:process_memory_win.cc(73)] ReadMemory at 0x225ccd57ae0 of 512 bytes failed: Only part of a ReadProcessMemory or WriteProcessMemory request was completed. (0x12B)
[0807/153952.727:ERROR:process_memory_win.cc(73)] ReadMemory at 0x225cd300578 of 512 bytes failed: Only part of a ReadProcessMemory or WriteProcessMemory request was completed. (0x12B)
[0807/153952.727:ERROR:process_memory_win.cc(73)] ReadMemory at 0x225d6138000 of 400 bytes failed: Only part of a ReadProcessMemory or WriteProcessMemory request was completed. (0x12B)
[0807/153952.727:ERROR:process_memory_win.cc(73)] ReadMemory at 0x225d61a7180 of 512 bytes failed: Only part of a ReadProcessMemory or WriteProcessMemory request was completed. (0x12B)
[0807/153952.727:ERROR:process_memory_win.cc(73)] ReadMemory at 0x222e14f6de00 of 512 bytes failed: Only part of a ReadProcessMemory or WriteProcessMemory request was completed. (0x12B)
[0807/153952.727:ERROR:process_memory_win.cc(73)] ReadMemory at 0x436500000000 of 480 bytes failed: Only part of a ReadProcessMemory or WriteProcessMemory request was completed. (0x12B)
[0807/153952.727:ERROR:process_memory_win.cc(73)] ReadMemory at 0x43650000a51c of 512 bytes failed: Only part of a ReadProcessMemory or WriteProcessMemory request was completed. (0x12B)
[0807/153952.727:ERROR:process_memory_win.cc(73)] ReadMemory at 0x4365003c2000 of 385 bytes failed: Only part of a ReadProcessMemory or WriteProcessMemory request was completed. (0x12B)
[0807/153952.727:ERROR:process_memory_win.cc(73)] ReadMemory at 0x4365003f6e8c of 512 bytes failed: Only part of a ReadProcessMemory or WriteProcessMemory request was completed. (0x12B)
[0807/153952.727:ERROR:process_memory_win.cc(73)] ReadMemory at 0x43650040ca2c of 512 bytes failed: Only part of a ReadProcessMemory or WriteProcessMemory request was completed. (0x12B)
[0807/153952.727:ERROR:process_memory_win.cc(73)] ReadMemory at 0x436509457d25 of 512 bytes failed: Only part of a ReadProcessMemory or WriteProcessMemory request was completed. (0x12B)
[0807/153952.728:ERROR:process_memory_win.cc(73)] ReadMemory at 0x43650c1458f4 of 512 bytes failed: Only part of a ReadProcessMemory or WriteProcessMemory request was completed. (0x12B)
[0807/153952.731:ERROR:scoped_process_suspend.cc(40)] NtResumeProcess: An attempt was made to access an exiting process. (0xc000010a)
[0813/072526.219:ERROR:process_reader_win.cc(123)] NtOpenThread: {Access Denied} A process has requested access to an object, but has not been granted those access rights. (0xc0000022)
[0813/072526.406:ERROR:process_reader_win.cc(123)] NtOpenThread: {Access Denied} A process has requested access to an object, but has not been granted those access rights. (0xc0000022)
[0813/072526.638:ERROR:exception_snapshot_win.cc(98)] thread ID 6108 not found in process
[0813/072526.638:ERROR:exception_snapshot_win.cc(98)] thread ID 848 not found in process
